"../../../Engine/Content/Functions/Engine_MaterialFunctions01/Shading/PowerToRoughness.uasset" 0
"../../../Engine/Content/Functions/Engine_MaterialFunctions01/Shading/PowerToRoughness.uexp" 1
"../../../Engine/Content/Functions/Engine_MaterialFunctions01/Shading/ConvertFromDiffSpec.uasset" 2
"../../../Engine/Content/Functions/Engine_MaterialFunctions01/Shading/ConvertFromDiffSpec.uexp" 3
"../../../Engine/Content/EngineSounds/Master.uasset" 4
"../../../Engine/Content/EngineSounds/Master.uexp" 5
"../../../Engine/Content/EngineSky/VolumetricClouds/CloudWeatherTexture.uasset" 6
"../../../Engine/Content/EngineSky/VolumetricClouds/CloudWeatherTexture.uexp" 7
"../../../Engine/Content/Functions/Engine_MaterialFunctions02/Utility/MakeFloat2.uasset" 8
"../../../Engine/Content/Functions/Engine_MaterialFunctions02/Utility/MakeFloat2.uexp" 9
"../../../Engine/Content/EngineSky/VolumetricClouds/CloudGradientTexture.uasset" 10
"../../../Engine/Content/EngineSky/VolumetricClouds/CloudGradientTexture.uexp" 11
"../../../Engine/Content/EngineSky/VolumetricClouds/T_NoiseShape64.uasset" 12
"../../../Engine/Content/EngineSky/VolumetricClouds/T_NoiseShape64.uexp" 13
"../../../Engine/Content/EngineSky/VolumetricClouds/T_VolumeNoiseShape64.uasset" 14
"../../../Engine/Content/EngineSky/VolumetricClouds/T_VolumeNoiseShape64.uexp" 15
"../../../Engine/Content/EngineSky/VolumetricClouds/T_NoiseErosion.uasset" 16
"../../../Engine/Content/EngineSky/VolumetricClouds/T_NoiseErosion.uexp" 17
"../../../Engine/Content/EngineSky/VolumetricClouds/T_VolumeNoiseErosion32.uasset" 18
"../../../Engine/Content/EngineSky/VolumetricClouds/T_VolumeNoiseErosion32.uexp" 19
"../../../Engine/Content/EngineSky/VolumetricClouds/m_SimpleVolumetricCloud.uasset" 20
"../../../Engine/Content/EngineSky/VolumetricClouds/m_SimpleVolumetricCloud.uexp" 21
"../../../Engine/Content/EngineSky/VolumetricClouds/m_SimpleVolumetricCloud_Inst.uasset" 22
"../../../Engine/Content/EngineSky/VolumetricClouds/m_SimpleVolumetricCloud_Inst.uexp" 23
"../../../Engine/Content/EngineResources/GradientTexture0.uasset" 24
"../../../Engine/Content/EngineResources/GradientTexture0.uexp" 25
"../../../Engine/Content/EngineResources/DefaultVolumeTexture2D.uasset" 26
"../../../Engine/Content/EngineResources/DefaultVolumeTexture2D.uexp" 27
"../../../Engine/Content/EngineResources/DefaultVolumeTexture.uasset" 28
"../../../Engine/Content/EngineResources/DefaultVolumeTexture.uexp" 29
"../../../Engine/Content/EngineResources/DefaultTextureCube.uasset" 30
"../../../Engine/Content/EngineResources/DefaultTextureCube.uexp" 31
"../../../Engine/Content/EngineResources/DefaultTexture.uasset" 32
"../../../Engine/Content/EngineResources/DefaultTexture.uexp" 33
"../../../Engine/Content/EngineResources/Black.uasset" 34
"../../../Engine/Content/EngineResources/Black.uexp" 35
"../../../Engine/Content/EngineResources/FilmGrains/Marcie_Grain_v3_128_M2_000.uasset" 36
"../../../Engine/Content/EngineResources/FilmGrains/Marcie_Grain_v3_128_M2_000.uexp" 37
"../../../Engine/Content/EngineMeshes/Sphere.uasset" 38
"../../../Engine/Content/EngineMeshes/Sphere.uexp" 39
"../../../Engine/Content/EngineResources/WhiteSquareTexture.uasset" 40
"../../../Engine/Content/EngineResources/WhiteSquareTexture.uexp" 41
"../../../Engine/Content/EngineMaterials/Widget3DPassThrough.uasset" 42
"../../../Engine/Content/EngineMaterials/Widget3DPassThrough.uexp" 43
"../../../Engine/Content/EngineMaterials/Widget3DPassThrough_Translucent.uasset" 44
"../../../Engine/Content/EngineMaterials/Widget3DPassThrough_Translucent.uexp" 45
"../../../Engine/Content/EngineMaterials/Widget3DPassThrough_Translucent_OneSided.uasset" 46
"../../../Engine/Content/EngineMaterials/Widget3DPassThrough_Translucent_OneSided.uexp" 47
"../../../Engine/Content/EngineMaterials/Widget3DPassThrough_Opaque.uasset" 48
"../../../Engine/Content/EngineMaterials/Widget3DPassThrough_Opaque.uexp" 49
"../../../Engine/Content/EngineMaterials/Widget3DPassThrough_Opaque_OneSided.uasset" 50
"../../../Engine/Content/EngineMaterials/Widget3DPassThrough_Opaque_OneSided.uexp" 51
"../../../Engine/Content/EngineMaterials/Widget3DPassThrough_Masked_OneSided.uasset" 52
"../../../Engine/Content/EngineMaterials/Widget3DPassThrough_Masked_OneSided.uexp" 53
"../../../Engine/Content/EngineMaterials/Widget3DPassThrough_Masked.uasset" 54
"../../../Engine/Content/EngineMaterials/Widget3DPassThrough_Masked.uexp" 55
"../../../Engine/Content/EngineMaterials/WeightMapPlaceholderTexture.uasset" 56
"../../../Engine/Content/EngineMaterials/WeightMapPlaceholderTexture.uexp" 57
"../../../Engine/Content/EngineMaterials/RemoveSurfaceMaterial.uasset" 58
"../../../Engine/Content/EngineMaterials/RemoveSurfaceMaterial.uexp" 59
"../../../Engine/Content/EngineMaterials/PreintegratedSkinBRDF.uasset" 60
"../../../Engine/Content/EngineMaterials/PreintegratedSkinBRDF.uexp" 61
"../../../Engine/Content/EngineMaterials/DefaultCalibrationGrayscale.uasset" 62
"../../../Engine/Content/EngineMaterials/DefaultCalibrationGrayscale.uexp" 63
"../../../Engine/Content/EngineMaterials/PPM_DefaultCalibrationGrayscale.uasset" 64
"../../../Engine/Content/EngineMaterials/PPM_DefaultCalibrationGrayscale.uexp" 65
"../../../Engine/Content/EngineMaterials/DefaultCalibrationColor.uasset" 66
"../../../Engine/Content/EngineMaterials/DefaultCalibrationColor.uexp" 67
"../../../Engine/Content/EngineMaterials/PPM_DefaultCalibrationColor.uasset" 68
"../../../Engine/Content/EngineMaterials/PPM_DefaultCalibrationColor.uexp" 69
"../../../Engine/Content/Functions/Engine_MaterialFunctions02/WorldPositionOffset/CameraOffset.uasset" 70
"../../../Engine/Content/Functions/Engine_MaterialFunctions02/WorldPositionOffset/CameraOffset.uexp" 71
"../../../Engine/Content/EngineMaterials/PhAT_JointLimitMaterial.uasset" 72
"../../../Engine/Content/EngineMaterials/PhAT_JointLimitMaterial.uexp" 73
"../../../Engine/Content/EngineMaterials/InvalidLightmapSettings.uasset" 74
"../../../Engine/Content/EngineMaterials/InvalidLightmapSettings.uexp" 75
"../../../Engine/Content/EngineMaterials/M_InvalidLightmapSettings.uasset" 76
"../../../Engine/Content/EngineMaterials/M_InvalidLightmapSettings.uexp" 77
"../../../Engine/Content/EngineMaterials/MiniFont.uasset" 78
"../../../Engine/Content/EngineMaterials/MiniFont.uexp" 79
"../../../Engine/Content/EngineMaterials/Good64x64TilingNoiseHighFreq.uasset" 80
"../../../Engine/Content/EngineMaterials/Good64x64TilingNoiseHighFreq.uexp" 81
"../../../Engine/Content/EngineMaterials/GizmoMaterial.uasset" 82
"../../../Engine/Content/EngineMaterials/GizmoMaterial.uexp" 83
"../../../Engine/Content/EngineMaterials/BaseFlattenEmissiveMap_VT.uasset" 84
"../../../Engine/Content/EngineMaterials/BaseFlattenEmissiveMap_VT.uexp" 85
"../../../Engine/Content/EngineMaterials/BaseFlattenGrayscaleMap_VT.uasset" 86
"../../../Engine/Content/EngineMaterials/BaseFlattenGrayscaleMap_VT.uexp" 87
"../../../Engine/Content/EngineMaterials/BaseFlattenLinearColor_VT.uasset" 88
"../../../Engine/Content/EngineMaterials/BaseFlattenLinearColor_VT.uexp" 89
"../../../Engine/Content/EngineMaterials/Black_1x1_EXR_Texture_VT.uasset" 90
"../../../Engine/Content/EngineMaterials/Black_1x1_EXR_Texture_VT.uexp" 91
"../../../Engine/Content/EngineMaterials/BaseFlattenDiffuseMap_VT.uasset" 92
"../../../Engine/Content/EngineMaterials/BaseFlattenDiffuseMap_VT.uexp" 93
"../../../Engine/Content/EngineMaterials/BaseFlattenNormalMap_VT.uasset" 94
"../../../Engine/Content/EngineMaterials/BaseFlattenNormalMap_VT.uexp" 95
"../../../Engine/Content/EngineMaterials/FlattenMaterial_WS_Normal_VT.uasset" 96
"../../../Engine/Content/EngineMaterials/FlattenMaterial_WS_Normal_VT.uexp" 97
"../../../Engine/Content/EngineMaterials/FlattenMaterial_VT.uasset" 98
"../../../Engine/Content/EngineMaterials/FlattenMaterial_VT.uexp" 99
"../../../Engine/Content/EngineMaterials/BaseFlattenNormalMap.uasset" 100
"../../../Engine/Content/EngineMaterials/BaseFlattenNormalMap.uexp" 101
"../../../Engine/Content/EngineMaterials/BaseFlattenGrayscaleMap.uasset" 102
"../../../Engine/Content/EngineMaterials/BaseFlattenGrayscaleMap.uexp" 103
"../../../Engine/Content/EngineMaterials/BaseFlattenDiffuseMap.uasset" 104
"../../../Engine/Content/EngineMaterials/BaseFlattenDiffuseMap.uexp" 105
"../../../Engine/Content/Functions/Engine_MaterialFunctions02/PivotPainter2/Black_1x1_EXR_Texture.uasset" 106
"../../../Engine/Content/Functions/Engine_MaterialFunctions02/PivotPainter2/Black_1x1_EXR_Texture.uexp" 107
"../../../Engine/Content/EngineMaterials/BaseFlattenEmissiveMap.uasset" 108
"../../../Engine/Content/EngineMaterials/BaseFlattenEmissiveMap.uexp" 109
"../../../Engine/Content/EngineMaterials/BaseFlattenLinearColor.uasset" 110
"../../../Engine/Content/EngineMaterials/BaseFlattenLinearColor.uexp" 111
"../../../Engine/Content/EngineMaterials/FlattenMaterial.uasset" 112
"../../../Engine/Content/EngineMaterials/FlattenMaterial.uexp" 113
"../../../Engine/Content/EngineMaterials/DefaultWhiteGrid_Low.uasset" 114
"../../../Engine/Content/EngineMaterials/DefaultWhiteGrid_Low.uexp" 115
"../../../Engine/Content/EngineMaterials/EmissiveMeshMaterial.uasset" 116
"../../../Engine/Content/EngineMaterials/EmissiveMeshMaterial.uexp" 117
"../../../Engine/Content/EngineMaterials/DefaultWhiteGrid.uasset" 118
"../../../Engine/Content/EngineMaterials/DefaultWhiteGrid.uexp" 119
"../../../Engine/Content/EngineMaterials/DefaultTextMaterialOpaque.uasset" 120
"../../../Engine/Content/EngineMaterials/DefaultTextMaterialOpaque.uexp" 121
"../../../Engine/Content/EngineMaterials/DefaultDiffuse.uasset" 122
"../../../Engine/Content/EngineMaterials/DefaultDiffuse.uexp" 123
"../../../Engine/Content/Functions/Engine_MaterialFunctions02/Utility/BreakOutFloat2Components.uasset" 124
"../../../Engine/Content/Functions/Engine_MaterialFunctions02/Utility/BreakOutFloat2Components.uexp" 125
"../../../Engine/Content/EngineMaterials/DefaultPostProcessMaterial.uasset" 126
"../../../Engine/Content/EngineMaterials/DefaultPostProcessMaterial.uexp" 127
"../../../Engine/Content/EngineMaterials/DefaultPhysicalMaterial.uasset" 128
"../../../Engine/Content/EngineMaterials/DefaultPhysicalMaterial.uexp" 129
"../../../Engine/Content/EngineMaterials/DefaultLightFunctionMaterial.uasset" 130
"../../../Engine/Content/EngineMaterials/DefaultLightFunctionMaterial.uexp" 131
"../../../Engine/Content/EngineMaterials/DefaultDestructiblePhysicalMaterial.uasset" 132
"../../../Engine/Content/EngineMaterials/DefaultDestructiblePhysicalMaterial.uexp" 133
"../../../Engine/Content/EngineMaterials/DefaultDeferredDecalMaterial.uasset" 134
"../../../Engine/Content/EngineMaterials/DefaultDeferredDecalMaterial.uexp" 135
"../../../Engine/Content/EngineMaterials/DefaultBokeh.uasset" 136
"../../../Engine/Content/EngineMaterials/DefaultBokeh.uexp" 137
"../../../Engine/Content/EngineMaterials/DefaultBloomKernel.uasset" 138
"../../../Engine/Content/EngineMaterials/DefaultBloomKernel.uexp" 139
"../../../Engine/Content/EngineMaterials/BlueNoise.uasset" 140
"../../../Engine/Content/EngineMaterials/BlueNoise.uexp" 141
"../../../Engine/Content/EngineFonts/Faces/RobotoLight.uexp" 142
"../../../Engine/Content/EngineFonts/Faces/RobotoLight.uasset" 143
"../../../Engine/Content/EngineFonts/Faces/RobotoLight.ufont" 144
"../../../Engine/Content/EngineFonts/Faces/RobotoBold.uexp" 145
"../../../Engine/Content/EngineFonts/Faces/RobotoBold.uasset" 146
"../../../Engine/Content/EngineFonts/Faces/RobotoBold.ufont" 147
"../../../Engine/Content/EngineFonts/Faces/RobotoRegular.uexp" 148
"../../../Engine/Content/EngineFonts/Faces/RobotoRegular.uasset" 149
"../../../Engine/Content/EngineFonts/Faces/RobotoRegular.ufont" 150
"../../../Engine/Content/EngineFonts/Faces/DroidSansFallback.uexp" 151
"../../../Engine/Content/EngineFonts/Faces/DroidSansFallback.uasset" 152
"../../../Engine/Content/EngineFonts/Faces/DroidSansFallback.ufont" 153
"../../../Engine/Content/EngineFonts/Faces/RobotoItalic.uexp" 154
"../../../Engine/Content/EngineFonts/Faces/RobotoItalic.uasset" 155
"../../../Engine/Content/EngineFonts/Faces/RobotoItalic.ufont" 156
"../../../Engine/Content/EngineFonts/Faces/RobotoBoldItalic.uexp" 157
"../../../Engine/Content/EngineFonts/Faces/RobotoBoldItalic.uasset" 158
"../../../Engine/Content/EngineFonts/Faces/RobotoBoldItalic.ufont" 159
"../../../Engine/Content/Functions/Engine_MaterialFunctions02/Utility/CameraDirectionVector.uasset" 160
"../../../Engine/Content/Functions/Engine_MaterialFunctions02/Utility/CameraDirectionVector.uexp" 161
"../../../Engine/Content/EngineDebugMaterials/VolumeToRender.uasset" 162
"../../../Engine/Content/EngineDebugMaterials/VolumeToRender.uexp" 163
"../../../Engine/Content/EngineDebugMaterials/M_VolumeRenderSphereTracePP.uasset" 164
"../../../Engine/Content/EngineDebugMaterials/M_VolumeRenderSphereTracePP.uexp" 165
"../../../Engine/Content/EngineDebugMaterials/M_SimpleUnlitTranslucent.uasset" 166
"../../../Engine/Content/EngineDebugMaterials/M_SimpleUnlitTranslucent.uexp" 167
"../../../Engine/Content/EngineDebugMaterials/DebugMeshMaterial.uasset" 168
"../../../Engine/Content/EngineDebugMaterials/DebugMeshMaterial.uexp" 169
"../../../Engine/Content/EngineDebugMaterials/DebugEditorMaterial.uasset" 170
"../../../Engine/Content/EngineDebugMaterials/DebugEditorMaterial.uexp" 171
"../../../Engine/Content/EngineDamageTypes/DmgTypeBP_Environmental.uasset" 172
"../../../Engine/Content/EngineDamageTypes/DmgTypeBP_Environmental.uexp" 173
"../../../Engine/Content/EditorResources/S_TriggerSphere.uasset" 174
"../../../Engine/Content/EditorResources/S_TriggerSphere.uexp" 175
"../../../Engine/Content/EditorResources/S_TriggerCapsule.uasset" 176
"../../../Engine/Content/EditorResources/S_TriggerCapsule.uexp" 177
"../../../Engine/Content/EditorResources/S_TriggerBox.uasset" 178
"../../../Engine/Content/EditorResources/S_TriggerBox.uexp" 179
"../../../Engine/Content/EditorResources/S_Trigger.uasset" 180
"../../../Engine/Content/EditorResources/S_Trigger.uexp" 181
"../../../Engine/Content/EditorResources/S_Terrain.uasset" 182
"../../../Engine/Content/EditorResources/S_Terrain.uexp" 183
"../../../Engine/Content/EditorResources/S_Solver.uasset" 184
"../../../Engine/Content/EditorResources/S_Solver.uexp" 185
"../../../Engine/Content/EditorResources/S_BoxReflectionCapture.uasset" 186
"../../../Engine/Content/EditorResources/S_BoxReflectionCapture.uexp" 187
"../../../Engine/Content/EditorResources/S_Actor.uasset" 188
"../../../Engine/Content/EditorResources/S_Actor.uexp" 189
"../../../Engine/Content/EditorResources/EmptyActor.uasset" 190
"../../../Engine/Content/EditorResources/EmptyActor.uexp" 191
"../../../Engine/Content/EditorResources/BSPVertex.uasset" 192
"../../../Engine/Content/EditorResources/BSPVertex.uexp" 193
"../../../Engine/Content/EditorResources/SequenceRecorder/RecordingIndicator.uasset" 194
"../../../Engine/Content/EditorResources/SequenceRecorder/RecordingIndicator.uexp" 195
"../../../Engine/Content/EditorResources/SequenceRecorder/Countdown.uasset" 196
"../../../Engine/Content/EditorResources/SequenceRecorder/Countdown.uexp" 197
"../../../Engine/Content/EditorMaterials/Camera/CineMat.uasset" 198
"../../../Engine/Content/EditorMaterials/Camera/CineMat.uexp" 199
"../../../Engine/Content/EditorMaterials/Camera/MI_CineMat_Rig.uasset" 200
"../../../Engine/Content/EditorMaterials/Camera/MI_CineMat_Rig.uexp" 201
"../../../Engine/Content/EditorMeshes/Camera/SM_RailRig_Track.uasset" 202
"../../../Engine/Content/EditorMeshes/Camera/SM_RailRig_Track.uexp" 203
"../../../Engine/Content/EditorMeshes/Camera/SM_RailRig_Mount.uasset" 204
"../../../Engine/Content/EditorMeshes/Camera/SM_RailRig_Mount.uexp" 205
"../../../Engine/Content/EditorMeshes/Camera/SM_CraneRig_Mount.uasset" 206
"../../../Engine/Content/EditorMeshes/Camera/SM_CraneRig_Mount.uexp" 207
"../../../Engine/Content/EditorMeshes/Camera/SM_CraneRig_Body.uasset" 208
"../../../Engine/Content/EditorMeshes/Camera/SM_CraneRig_Body.uexp" 209
"../../../Engine/Content/EditorMeshes/Camera/SM_CraneRig_Base.uasset" 210
"../../../Engine/Content/EditorMeshes/Camera/SM_CraneRig_Base.uexp" 211
"../../../Engine/Content/EditorMeshes/Camera/SM_CraneRig_Arm.uasset" 212
"../../../Engine/Content/EditorMeshes/Camera/SM_CraneRig_Arm.uexp" 213
"../../../Engine/Content/EditorMaterials/PreviewShadowIndicator.uasset" 214
"../../../Engine/Content/EditorMaterials/PreviewShadowIndicator.uexp" 215
"../../../Engine/Content/EditorMaterials/PreviewShadowIndicatorMaterial.uasset" 216
"../../../Engine/Content/EditorMaterials/PreviewShadowIndicatorMaterial.uexp" 217
"../../../Engine/Content/EditorMaterials/MAT_Groups_Visibility.uasset" 218
"../../../Engine/Content/EditorMaterials/MAT_Groups_Visibility.uexp" 219
"../../../Engine/Content/EditorMaterials/MAT_Groups_Toggle.uasset" 220
"../../../Engine/Content/EditorMaterials/MAT_Groups_Toggle.uexp" 221
"../../../Engine/Content/Functions/Engine_MaterialFunctions02/Utility/MakeFloat4.uasset" 222
"../../../Engine/Content/Functions/Engine_MaterialFunctions02/Utility/MakeFloat4.uexp" 223
"../../../Engine/Content/Functions/Engine_MaterialFunctions02/Utility/MakeFloat3.uasset" 224
"../../../Engine/Content/Functions/Engine_MaterialFunctions02/Utility/MakeFloat3.uexp" 225
"../../../Engine/Content/Functions/Engine_MaterialFunctions02/Utility/BreakOutFloat3Components.uasset" 226
"../../../Engine/Content/Functions/Engine_MaterialFunctions02/Utility/BreakOutFloat3Components.uexp" 227
"../../../Engine/Content/EditorMaterials/WorldPartition/WorldPartitionSpatialHashGridPreviewMaterial.uasset" 228
"../../../Engine/Content/EditorMaterials/WorldPartition/WorldPartitionSpatialHashGridPreviewMaterial.uexp" 229
"../../../Engine/Content/EditorMaterials/ParticleSystems/PSysThumbnail_OOD.uasset" 230
"../../../Engine/Content/EditorMaterials/ParticleSystems/PSysThumbnail_OOD.uexp" 231
"../../../Engine/Content/EditorMaterials/ParticleSystems/PSysThumbnail_NoImage.uasset" 232
"../../../Engine/Content/EditorMaterials/ParticleSystems/PSysThumbnail_NoImage.uexp" 233
"../../../Engine/Content/EditorMaterials/MatineeGroups/MAT_Groups_Vector.uasset" 234
"../../../Engine/Content/EditorMaterials/MatineeGroups/MAT_Groups_Vector.uexp" 235
"../../../Engine/Content/EditorMaterials/MatineeGroups/MAT_Groups_Sound.uasset" 236
"../../../Engine/Content/EditorMaterials/MatineeGroups/MAT_Groups_Sound.uexp" 237
"../../../Engine/Content/EditorMaterials/MatineeGroups/MAT_Groups_Slomo.uasset" 238
"../../../Engine/Content/EditorMaterials/MatineeGroups/MAT_Groups_Slomo.uexp" 239
"../../../Engine/Content/EditorMaterials/MatineeGroups/MAT_Groups_Move.uasset" 240
"../../../Engine/Content/EditorMaterials/MatineeGroups/MAT_Groups_Move.uexp" 241
"../../../Engine/Content/EditorMaterials/MatineeGroups/MAT_Groups_Float.uasset" 242
"../../../Engine/Content/EditorMaterials/MatineeGroups/MAT_Groups_Float.uexp" 243
"../../../Engine/Content/EditorMaterials/MatineeGroups/MAT_Groups_Fade.uasset" 244
"../../../Engine/Content/EditorMaterials/MatineeGroups/MAT_Groups_Fade.uexp" 245
"../../../Engine/Content/EditorMaterials/MatineeGroups/MAT_Groups_Event.uasset" 246
"../../../Engine/Content/EditorMaterials/MatineeGroups/MAT_Groups_Event.uexp" 247
"../../../Engine/Content/EditorMaterials/MatineeGroups/MAT_Groups_Director.uasset" 248
"../../../Engine/Content/EditorMaterials/MatineeGroups/MAT_Groups_Director.uexp" 249
"../../../Engine/Content/EditorMaterials/MatineeGroups/MAT_Groups_AudioMaster.uasset" 250
"../../../Engine/Content/EditorMaterials/MatineeGroups/MAT_Groups_AudioMaster.uexp" 251
"../../../Engine/Content/EditorMaterials/MatineeGroups/MAT_Groups_Anim.uasset" 252
"../../../Engine/Content/EditorMaterials/MatineeGroups/MAT_Groups_Anim.uexp" 253
"../../../Engine/Content/EditorMaterials/MatineeGroups/MAT_ColorTrack.uasset" 254
"../../../Engine/Content/EditorMaterials/MatineeGroups/MAT_ColorTrack.uexp" 255
"../../../Engine/Content/EditorLandscapeResources/DefaultAlphaTexture.uasset" 256
"../../../Engine/Content/EditorLandscapeResources/DefaultAlphaTexture.uexp" 257
"../../../Engine/Content/EditorLandscapeResources/DataLayer.uasset" 258
"../../../Engine/Content/EditorLandscapeResources/DataLayer.uexp" 259
"../../../Engine/Content/EngineMaterials/T_Default_Material_Grid_M.uasset" 260
"../../../Engine/Content/EngineMaterials/T_Default_Material_Grid_M.uexp" 261
"../../../Engine/Content/EngineMaterials/T_Default_Material_Grid_N.uasset" 262
"../../../Engine/Content/EngineMaterials/T_Default_Material_Grid_N.uexp" 263
"../../../Engine/Content/Functions/Engine_MaterialFunctions01/Opacity/CameraDepthFade.uasset" 264
"../../../Engine/Content/Functions/Engine_MaterialFunctions01/Opacity/CameraDepthFade.uexp" 265
"../../../Engine/Content/EngineMaterials/DefaultMaterial.uasset" 266
"../../../Engine/Content/EngineMaterials/DefaultMaterial.uexp" 267
"../../../Engine/Content/BasicShapes/Sphere.uasset" 268
"../../../Engine/Content/BasicShapes/Sphere.uexp" 269
"../../../Engine/Content/EngineMaterials/WorldGridMaterial.uasset" 270
"../../../Engine/Content/EngineMaterials/WorldGridMaterial.uexp" 271
"../../../Engine/Content/BasicShapes/Plane.uasset" 272
"../../../Engine/Content/BasicShapes/Plane.uexp" 273
"../../../Engine/Content/BasicShapes/Cylinder.uasset" 274
"../../../Engine/Content/BasicShapes/Cylinder.uexp" 275
"../../../Engine/Content/BasicShapes/Cube.uasset" 276
"../../../Engine/Content/BasicShapes/Cube.uexp" 277
"../../../Engine/Content/BasicShapes/Cone.uasset" 278
"../../../Engine/Content/BasicShapes/Cone.uexp" 279
"../../../Engine/Content/ArtTools/RenderToTexture/Meshes/S_1_Unit_Plane.uasset" 280
"../../../Engine/Content/ArtTools/RenderToTexture/Meshes/S_1_Unit_Plane.uexp" 281
"C:/Users/aades/Downloads/rpmOld/RPM0003/Plugins/ReadyPlayerMe/Content/Textures/T_RPM_Editor_Image_Banner.uasset" 282
"C:/Users/aades/Downloads/rpmOld/RPM0003/Plugins/ReadyPlayerMe/Content/Textures/T_RPM_Editor_Image_Banner.uexp" 283
"C:/Users/aades/Downloads/rpmOld/RPM0003/Plugins/ReadyPlayerMe/Content/Data/DA_RPM_CustomMorphTargetGroup.uasset" 284
"C:/Users/aades/Downloads/rpmOld/RPM0003/Plugins/ReadyPlayerMe/Content/Data/DA_RPM_CustomMorphTargetGroup.uexp" 285
"C:/Users/aades/Downloads/rpmOld/RPM0003/Plugins/ReadyPlayerMe/Content/Data/DA_RPM_StandardMorphTargetGroup.uasset" 286
"C:/Users/aades/Downloads/rpmOld/RPM0003/Plugins/ReadyPlayerMe/Content/Data/DA_RPM_StandardMorphTargetGroup.uexp" 287
"C:/Users/aades/Downloads/rpmOld/RPM0003/Plugins/ReadyPlayerMe/Content/Data/DA_RPM_AvatarConfig.uasset" 288
"C:/Users/aades/Downloads/rpmOld/RPM0003/Plugins/ReadyPlayerMe/Content/Data/DA_RPM_AvatarConfig.uexp" 289
"C:/Users/aades/Downloads/rpmOld/RPM0003/Plugins/ReadyPlayerMe/Content/Character/Halfbody/Textures/Wolf3D_Avatar_Normal.uasset" 290
"C:/Users/aades/Downloads/rpmOld/RPM0003/Plugins/ReadyPlayerMe/Content/Character/Halfbody/Textures/Wolf3D_Avatar_Normal.uexp" 291
"C:/Users/aades/Downloads/rpmOld/RPM0003/Plugins/ReadyPlayerMe/Content/Character/Halfbody/Textures/Wolf3D_Avatar_Diffuse.uasset" 292
"C:/Users/aades/Downloads/rpmOld/RPM0003/Plugins/ReadyPlayerMe/Content/Character/Halfbody/Textures/Wolf3D_Avatar_Diffuse.uexp" 293
"C:/Users/aades/Downloads/rpmOld/RPM0003/Plugins/ReadyPlayerMe/Content/Character/Halfbody/Materials/Halfbody_Avatar.uasset" 294
"C:/Users/aades/Downloads/rpmOld/RPM0003/Plugins/ReadyPlayerMe/Content/Character/Halfbody/Materials/Halfbody_Avatar.uexp" 295
"C:/Users/aades/Downloads/rpmOld/RPM0003/Plugins/ReadyPlayerMe/Content/Character/Halfbody/Mesh/RPM_Halfbody_Avatar_PhysicsAsset.uasset" 296
"C:/Users/aades/Downloads/rpmOld/RPM0003/Plugins/ReadyPlayerMe/Content/Character/Halfbody/Mesh/RPM_Halfbody_Avatar_PhysicsAsset.uexp" 297
"C:/Users/aades/Downloads/rpmOld/RPM0003/Plugins/ReadyPlayerMe/Content/Character/Halfbody/Mesh/RPM_Halfbody_Avatar_Skeleton.uasset" 298
"C:/Users/aades/Downloads/rpmOld/RPM0003/Plugins/ReadyPlayerMe/Content/Character/Halfbody/Mesh/RPM_Halfbody_Avatar_Skeleton.uexp" 299
"C:/Users/aades/Downloads/rpmOld/RPM0003/Plugins/ReadyPlayerMe/Content/Character/Halfbody/Mesh/RPM_Halfbody_Avatar.uasset" 300
"C:/Users/aades/Downloads/rpmOld/RPM0003/Plugins/ReadyPlayerMe/Content/Character/Halfbody/Mesh/RPM_Halfbody_Avatar.uexp" 301
"C:/Users/aades/Downloads/rpmOld/RPM0003/Plugins/ReadyPlayerMe/Content/Character/Halfbody/Animations/BP_Halfbody_Animation.uasset" 302
"C:/Users/aades/Downloads/rpmOld/RPM0003/Plugins/ReadyPlayerMe/Content/Character/Halfbody/Animations/BP_Halfbody_Animation.uexp" 303
"C:/Users/aades/Downloads/rpmOld/RPM0003/Plugins/ReadyPlayerMe/Content/Character/Fullbody/Mesh/RPM_BoneMapping.uasset" 304
"C:/Users/aades/Downloads/rpmOld/RPM0003/Plugins/ReadyPlayerMe/Content/Character/Fullbody/Mesh/RPM_BoneMapping.uexp" 305
"../../../Engine/Content/EngineMeshes/Humanoid.uasset" 306
"../../../Engine/Content/EngineMeshes/Humanoid.uexp" 307
"C:/Users/aades/Downloads/rpmOld/RPM0003/Plugins/ReadyPlayerMe/Content/Character/Fullbody/Mesh/RPM_Mixamo_Skeleton.uasset" 308
"C:/Users/aades/Downloads/rpmOld/RPM0003/Plugins/ReadyPlayerMe/Content/Character/Fullbody/Mesh/RPM_Mixamo_Skeleton.uexp" 309
"../../../Engine/Content/Animation/DefaultAnimBoneCompressionSettings.uasset" 310
"../../../Engine/Content/Animation/DefaultAnimBoneCompressionSettings.uexp" 311
"C:/Users/aades/Downloads/rpmOld/RPM0003/Plugins/ReadyPlayerMe/Content/Character/Fullbody/Animations/Silly_Dancing.uasset" 312
"C:/Users/aades/Downloads/rpmOld/RPM0003/Plugins/ReadyPlayerMe/Content/Character/Fullbody/Animations/Silly_Dancing.uexp" 313
"C:/Users/aades/Downloads/rpmOld/RPM0003/Plugins/ReadyPlayerMe/Content/Character/Fullbody/Animations/BP_RPM_Animation.uasset" 314
"C:/Users/aades/Downloads/rpmOld/RPM0003/Plugins/ReadyPlayerMe/Content/Character/Fullbody/Animations/BP_RPM_Animation.uexp" 315
"C:/Users/aades/Downloads/rpmOld/RPM0003/Plugins/ReadyPlayerMe/Content/Blueprints/BP_RPM_Actor.uasset" 316
"C:/Users/aades/Downloads/rpmOld/RPM0003/Plugins/ReadyPlayerMe/Content/Blueprints/BP_RPM_Actor.uexp" 317
"C:/Users/aades/Downloads/rpmOld/RPM0003/Plugins/glTFRuntime/Content/T_glTFRuntimeZero_sRGB.uasset" 318
"C:/Users/aades/Downloads/rpmOld/RPM0003/Plugins/glTFRuntime/Content/T_glTFRuntimeZero_sRGB.uexp" 319
"C:/Users/aades/Downloads/rpmOld/RPM0003/Plugins/glTFRuntime/Content/T_glTFRuntimeZero.uasset" 320
"C:/Users/aades/Downloads/rpmOld/RPM0003/Plugins/glTFRuntime/Content/T_glTFRuntimeZero.uexp" 321
"C:/Users/aades/Downloads/rpmOld/RPM0003/Plugins/glTFRuntime/Content/T_glTFRuntimeOne_sRGB.uasset" 322
"C:/Users/aades/Downloads/rpmOld/RPM0003/Plugins/glTFRuntime/Content/T_glTFRuntimeOne_sRGB.uexp" 323
"../../../Engine/Content/Functions/Engine_MaterialFunctions02/Texturing/CustomRotator.uasset" 324
"../../../Engine/Content/Functions/Engine_MaterialFunctions02/Texturing/CustomRotator.uexp" 325
"C:/Users/aades/Downloads/rpmOld/RPM0003/Plugins/glTFRuntime/Content/MF_GetTexCoords.uasset" 326
"C:/Users/aades/Downloads/rpmOld/RPM0003/Plugins/glTFRuntime/Content/MF_GetTexCoords.uexp" 327
"C:/Users/aades/Downloads/rpmOld/RPM0003/Plugins/glTFRuntime/Content/M_Unlit_glTFRuntimeBase.uasset" 328
"C:/Users/aades/Downloads/rpmOld/RPM0003/Plugins/glTFRuntime/Content/M_Unlit_glTFRuntimeBase.uexp" 329
"C:/Users/aades/Downloads/rpmOld/RPM0003/Plugins/glTFRuntime/Content/M_Unlit_glTFRuntimeTwoSided_Inst.uasset" 330
"C:/Users/aades/Downloads/rpmOld/RPM0003/Plugins/glTFRuntime/Content/M_Unlit_glTFRuntimeTwoSided_Inst.uexp" 331
"C:/Users/aades/Downloads/rpmOld/RPM0003/Plugins/glTFRuntime/Content/M_Unlit_glTFRuntimeTwoSidedTranslucent_Inst.uasset" 332
"C:/Users/aades/Downloads/rpmOld/RPM0003/Plugins/glTFRuntime/Content/M_Unlit_glTFRuntimeTwoSidedTranslucent_Inst.uexp" 333
"C:/Users/aades/Downloads/rpmOld/RPM0003/Plugins/glTFRuntime/Content/M_Unlit_glTFRuntimeTwoSidedMasked_Inst.uasset" 334
"C:/Users/aades/Downloads/rpmOld/RPM0003/Plugins/glTFRuntime/Content/M_Unlit_glTFRuntimeTwoSidedMasked_Inst.uexp" 335
"C:/Users/aades/Downloads/rpmOld/RPM0003/Plugins/glTFRuntime/Content/M_Unlit_glTFRuntimeTranslucent_Inst.uasset" 336
"C:/Users/aades/Downloads/rpmOld/RPM0003/Plugins/glTFRuntime/Content/M_Unlit_glTFRuntimeTranslucent_Inst.uexp" 337
"C:/Users/aades/Downloads/rpmOld/RPM0003/Plugins/glTFRuntime/Content/M_Unlit_glTFRuntimeMasked_Inst.uasset" 338
"C:/Users/aades/Downloads/rpmOld/RPM0003/Plugins/glTFRuntime/Content/M_Unlit_glTFRuntimeMasked_Inst.uexp" 339
"C:/Users/aades/Downloads/rpmOld/RPM0003/Plugins/glTFRuntime/Content/T_glTFRuntimeNormal.uasset" 340
"C:/Users/aades/Downloads/rpmOld/RPM0003/Plugins/glTFRuntime/Content/T_glTFRuntimeNormal.uexp" 341
"C:/Users/aades/Downloads/rpmOld/RPM0003/Plugins/glTFRuntime/Content/T_glTFRuntimeOne.uasset" 342
"C:/Users/aades/Downloads/rpmOld/RPM0003/Plugins/glTFRuntime/Content/T_glTFRuntimeOne.uexp" 343
"C:/Users/aades/Downloads/rpmOld/RPM0003/Plugins/glTFRuntime/Content/M_Transmission_glTFRuntimeBase.uasset" 344
"C:/Users/aades/Downloads/rpmOld/RPM0003/Plugins/glTFRuntime/Content/M_Transmission_glTFRuntimeBase.uexp" 345
"C:/Users/aades/Downloads/rpmOld/RPM0003/Plugins/glTFRuntime/Content/M_Transmission_glTFRuntimeTwoSided_Inst.uasset" 346
"C:/Users/aades/Downloads/rpmOld/RPM0003/Plugins/glTFRuntime/Content/M_Transmission_glTFRuntimeTwoSided_Inst.uexp" 347
"C:/Users/aades/Downloads/rpmOld/RPM0003/Plugins/glTFRuntime/Content/MF_GetMaxComponent.uasset" 348
"C:/Users/aades/Downloads/rpmOld/RPM0003/Plugins/glTFRuntime/Content/MF_GetMaxComponent.uexp" 349
"C:/Users/aades/Downloads/rpmOld/RPM0003/Plugins/glTFRuntime/Content/MF_GetPerceivedBrightness.uasset" 350
"C:/Users/aades/Downloads/rpmOld/RPM0003/Plugins/glTFRuntime/Content/MF_GetPerceivedBrightness.uexp" 351
"C:/Users/aades/Downloads/rpmOld/RPM0003/Plugins/glTFRuntime/Content/MF_SolveMetallicFromSpecular.uasset" 352
"C:/Users/aades/Downloads/rpmOld/RPM0003/Plugins/glTFRuntime/Content/MF_SolveMetallicFromSpecular.uexp" 353
"C:/Users/aades/Downloads/rpmOld/RPM0003/Plugins/glTFRuntime/Content/MF_BaseColorFromDSM.uasset" 354
"C:/Users/aades/Downloads/rpmOld/RPM0003/Plugins/glTFRuntime/Content/MF_BaseColorFromDSM.uexp" 355
"C:/Users/aades/Downloads/rpmOld/RPM0003/Plugins/glTFRuntime/Content/M_glTFRuntime_SG_Base.uasset" 356
"C:/Users/aades/Downloads/rpmOld/RPM0003/Plugins/glTFRuntime/Content/M_glTFRuntime_SG_Base.uexp" 357
"C:/Users/aades/Downloads/rpmOld/RPM0003/Plugins/glTFRuntime/Content/M_glTFRuntime_SG_Twosided_Inst.uasset" 358
"C:/Users/aades/Downloads/rpmOld/RPM0003/Plugins/glTFRuntime/Content/M_glTFRuntime_SG_Twosided_Inst.uexp" 359
"C:/Users/aades/Downloads/rpmOld/RPM0003/Plugins/glTFRuntime/Content/M_glTFRuntime_SG_TwoSidedTranslucent_Inst.uasset" 360
"C:/Users/aades/Downloads/rpmOld/RPM0003/Plugins/glTFRuntime/Content/M_glTFRuntime_SG_TwoSidedTranslucent_Inst.uexp" 361
"C:/Users/aades/Downloads/rpmOld/RPM0003/Plugins/glTFRuntime/Content/M_glTFRuntime_SG_Translucent_Inst.uasset" 362
"C:/Users/aades/Downloads/rpmOld/RPM0003/Plugins/glTFRuntime/Content/M_glTFRuntime_SG_Translucent_Inst.uexp" 363
"C:/Users/aades/Downloads/rpmOld/RPM0003/Plugins/glTFRuntime/Content/M_glTFRuntimeBase.uasset" 364
"C:/Users/aades/Downloads/rpmOld/RPM0003/Plugins/glTFRuntime/Content/M_glTFRuntimeBase.uexp" 365
"C:/Users/aades/Downloads/rpmOld/RPM0003/Plugins/glTFRuntime/Content/M_glTFRuntimeTwoSided_Inst.uasset" 366
"C:/Users/aades/Downloads/rpmOld/RPM0003/Plugins/glTFRuntime/Content/M_glTFRuntimeTwoSided_Inst.uexp" 367
"C:/Users/aades/Downloads/rpmOld/RPM0003/Plugins/glTFRuntime/Content/M_glTFRuntimeTwoSidedTranslucent_Inst.uasset" 368
"C:/Users/aades/Downloads/rpmOld/RPM0003/Plugins/glTFRuntime/Content/M_glTFRuntimeTwoSidedTranslucent_Inst.uexp" 369
"C:/Users/aades/Downloads/rpmOld/RPM0003/Plugins/glTFRuntime/Content/M_glTFRuntimeTwoSidedMasked_Inst.uasset" 370
"C:/Users/aades/Downloads/rpmOld/RPM0003/Plugins/glTFRuntime/Content/M_glTFRuntimeTwoSidedMasked_Inst.uexp" 371
"C:/Users/aades/Downloads/rpmOld/RPM0003/Plugins/glTFRuntime/Content/M_glTFRuntimeTranslucent_Inst.uasset" 372
"C:/Users/aades/Downloads/rpmOld/RPM0003/Plugins/glTFRuntime/Content/M_glTFRuntimeTranslucent_Inst.uexp" 373
"C:/Users/aades/Downloads/rpmOld/RPM0003/Plugins/glTFRuntime/Content/M_glTFRuntimeMasked_Inst.uasset" 374
"C:/Users/aades/Downloads/rpmOld/RPM0003/Plugins/glTFRuntime/Content/M_glTFRuntimeMasked_Inst.uexp" 375
"../../../Engine/Content/MobileResources/HUD/VirtualJoystick_Background.uasset" 376
"../../../Engine/Content/MobileResources/HUD/VirtualJoystick_Background.uexp" 377
"../../../Engine/Content/MobileResources/HUD/VirtualJoystick_Thumb.uasset" 378
"../../../Engine/Content/MobileResources/HUD/VirtualJoystick_Thumb.uexp" 379
"../../../Engine/Content/MobileResources/HUD/DefaultVirtualJoysticks.uasset" 380
"../../../Engine/Content/MobileResources/HUD/DefaultVirtualJoysticks.uexp" 381
"../../../Engine/Content/Tutorial/ContentIntroCurve.uasset" 382
"../../../Engine/Content/Tutorial/ContentIntroCurve.uexp" 383
"../../../Engine/Content/VREditor/TransformGizmo/Main.uasset" 384
"../../../Engine/Content/VREditor/TransformGizmo/Main.uexp" 385
"../../../Engine/Content/VREditor/TransformGizmo/Xray.uasset" 386
"../../../Engine/Content/VREditor/TransformGizmo/Xray.uexp" 387
"../../../Engine/Content/VREditor/TransformGizmo/SM_Sequencer_Node.uasset" 388
"../../../Engine/Content/VREditor/TransformGizmo/SM_Sequencer_Node.uexp" 389
"../../../Engine/Content/VREditor/LaserPointer/VR_LaserPower_01.uasset" 390
"../../../Engine/Content/VREditor/LaserPointer/VR_LaserPower_01.uexp" 391
"../../../Engine/Content/VREditor/TransformGizmo/TransformGizmoMaterial.uasset" 392
"../../../Engine/Content/VREditor/TransformGizmo/TransformGizmoMaterial.uexp" 393
"../../../Engine/Content/VREditor/TransformGizmo/TranslucentTransformGizmoMaterial.uasset" 394
"../../../Engine/Content/VREditor/TransformGizmo/TranslucentTransformGizmoMaterial.uexp" 395
"../../../Engine/Content/VREditor/TransformGizmo/PlaneTranslationHandle.uasset" 396
"../../../Engine/Content/VREditor/TransformGizmo/PlaneTranslationHandle.uexp" 397
"../../../Engine/Content/VREditor/TransformGizmo/BoundingBoxEdge.uasset" 398
"../../../Engine/Content/VREditor/TransformGizmo/BoundingBoxEdge.uexp" 399
"../../../Engine/Content/VREditor/TransformGizmo/BoundingBoxCorner.uasset" 400
"../../../Engine/Content/VREditor/TransformGizmo/BoundingBoxCorner.uexp" 401
"../../../Engine/Plugins/2D/Paper2D/Content/PlaceholderTextures/DummySpriteTexture.uasset" 402
"../../../Engine/Plugins/2D/Paper2D/Content/PlaceholderTextures/DummySpriteTexture.uexp" 403
"../../../Engine/Plugins/2D/Paper2D/Content/DefaultSpriteMaterial.uasset" 404
"../../../Engine/Plugins/2D/Paper2D/Content/DefaultSpriteMaterial.uexp" 405
"../../../Engine/Plugins/2D/Paper2D/Content/OpaqueUnlitSpriteMaterial.uasset" 406
"../../../Engine/Plugins/2D/Paper2D/Content/OpaqueUnlitSpriteMaterial.uexp" 407
"../../../Engine/Plugins/2D/Paper2D/Content/MaskedUnlitSpriteMaterial.uasset" 408
"../../../Engine/Plugins/2D/Paper2D/Content/MaskedUnlitSpriteMaterial.uexp" 409
"../../../Engine/Plugins/2D/Paper2D/Content/DummySprite.uasset" 410
"../../../Engine/Plugins/2D/Paper2D/Content/DummySprite.uexp" 411
"../../../Engine/Plugins/2D/Paper2D/Content/DefaultPaperTerrainMaterial.uasset" 412
"../../../Engine/Plugins/2D/Paper2D/Content/DefaultPaperTerrainMaterial.uexp" 413
"../../../Engine/Plugins/Animation/ControlRig/Content/M_Manip.uasset" 414
"../../../Engine/Plugins/Animation/ControlRig/Content/M_Manip.uexp" 415
"../../../Engine/Plugins/Animation/ControlRig/Content/Controls/DefaultGizmoLibraryNormalized.uasset" 416
"../../../Engine/Plugins/Animation/ControlRig/Content/Controls/DefaultGizmoLibraryNormalized.uexp" 417
"../../../Engine/Plugins/Animation/ControlRig/Content/Controls/ControlRig_Wedge_solid.uasset" 418
"../../../Engine/Plugins/Animation/ControlRig/Content/Controls/ControlRig_Wedge_solid.uexp" 419
"../../../Engine/Plugins/Animation/ControlRig/Content/Controls/ControlRig_Wedge_3mm.uasset" 420
"../../../Engine/Plugins/Animation/ControlRig/Content/Controls/ControlRig_Wedge_3mm.uexp" 421
"../../../Engine/Plugins/Animation/ControlRig/Content/Controls/ControlRig_Wedge_1mm.uasset" 422
"../../../Engine/Plugins/Animation/ControlRig/Content/Controls/ControlRig_Wedge_1mm.uexp" 423
"../../../Engine/Plugins/Animation/ControlRig/Content/Controls/ControlRig_Triangle_solid.uasset" 424
"../../../Engine/Plugins/Animation/ControlRig/Content/Controls/ControlRig_Triangle_solid.uexp" 425
"../../../Engine/Plugins/Animation/ControlRig/Content/Controls/ControlRig_Triangle_3mm.uasset" 426
"../../../Engine/Plugins/Animation/ControlRig/Content/Controls/ControlRig_Triangle_3mm.uexp" 427
"../../../Engine/Plugins/Animation/ControlRig/Content/Controls/ControlRig_Triangle_1mm.uasset" 428
"../../../Engine/Plugins/Animation/ControlRig/Content/Controls/ControlRig_Triangle_1mm.uexp" 429
"../../../Engine/Plugins/Animation/ControlRig/Content/Controls/ControlRig_Star4_solid.uasset" 430
"../../../Engine/Plugins/Animation/ControlRig/Content/Controls/ControlRig_Star4_solid.uexp" 431
"../../../Engine/Plugins/Animation/ControlRig/Content/Controls/ControlRig_Star4_3mm.uasset" 432
"../../../Engine/Plugins/Animation/ControlRig/Content/Controls/ControlRig_Star4_3mm.uexp" 433
"../../../Engine/Plugins/Animation/ControlRig/Content/Controls/ControlRig_Star4_1mm.uasset" 434
"../../../Engine/Plugins/Animation/ControlRig/Content/Controls/ControlRig_Star4_1mm.uexp" 435
"../../../Engine/Plugins/Animation/ControlRig/Content/Controls/ControlRig_Square_solid.uasset" 436
"../../../Engine/Plugins/Animation/ControlRig/Content/Controls/ControlRig_Square_solid.uexp" 437
"../../../Engine/Plugins/Animation/ControlRig/Content/Controls/ControlRig_Square_3mm.uasset" 438
"../../../Engine/Plugins/Animation/ControlRig/Content/Controls/ControlRig_Square_3mm.uexp" 439
"../../../Engine/Plugins/Animation/ControlRig/Content/Controls/ControlRig_Square_1mm.uasset" 440
"../../../Engine/Plugins/Animation/ControlRig/Content/Controls/ControlRig_Square_1mm.uexp" 441
"../../../Engine/Plugins/Animation/ControlRig/Content/Controls/ControlRig_Sphere_solid.uasset" 442
"../../../Engine/Plugins/Animation/ControlRig/Content/Controls/ControlRig_Sphere_solid.uexp" 443
"../../../Engine/Plugins/Animation/ControlRig/Content/Controls/ControlRig_Sphere_3mm.uasset" 444
"../../../Engine/Plugins/Animation/ControlRig/Content/Controls/ControlRig_Sphere_3mm.uexp" 445
"../../../Engine/Plugins/Animation/ControlRig/Content/Controls/ControlRig_Sphere_1mm.uasset" 446
"../../../Engine/Plugins/Animation/ControlRig/Content/Controls/ControlRig_Sphere_1mm.uexp" 447
"../../../Engine/Plugins/Animation/ControlRig/Content/Controls/ControlRig_RoundedTriangle_solid.uasset" 448
"../../../Engine/Plugins/Animation/ControlRig/Content/Controls/ControlRig_RoundedTriangle_solid.uexp" 449
"../../../Engine/Plugins/Animation/ControlRig/Content/Controls/ControlRig_RoundedTriangle_3mm.uasset" 450
"../../../Engine/Plugins/Animation/ControlRig/Content/Controls/ControlRig_RoundedTriangle_3mm.uexp" 451
"../../../Engine/Plugins/Animation/ControlRig/Content/Controls/ControlRig_RoundedTriangle_1mm.uasset" 452
"../../../Engine/Plugins/Animation/ControlRig/Content/Controls/ControlRig_RoundedTriangle_1mm.uexp" 453
"../../../Engine/Plugins/Animation/ControlRig/Content/Controls/ControlRig_RoundedSquare_solid.uasset" 454
"../../../Engine/Plugins/Animation/ControlRig/Content/Controls/ControlRig_RoundedSquare_solid.uexp" 455
"../../../Engine/Plugins/Animation/ControlRig/Content/Controls/ControlRig_RoundedSquare_3mm.uasset" 456
"../../../Engine/Plugins/Animation/ControlRig/Content/Controls/ControlRig_RoundedSquare_3mm.uexp" 457
"../../../Engine/Plugins/Animation/ControlRig/Content/Controls/ControlRig_RoundedSquare_1mm.uasset" 458
"../../../Engine/Plugins/Animation/ControlRig/Content/Controls/ControlRig_RoundedSquare_1mm.uexp" 459
"../../../Engine/Plugins/Animation/ControlRig/Content/Controls/ControlRig_QuarterCircle_solid.uasset" 460
"../../../Engine/Plugins/Animation/ControlRig/Content/Controls/ControlRig_QuarterCircle_solid.uexp" 461
"../../../Engine/Plugins/Animation/ControlRig/Content/Controls/ControlRig_QuarterCircle_3mm.uasset" 462
"../../../Engine/Plugins/Animation/ControlRig/Content/Controls/ControlRig_QuarterCircle_3mm.uexp" 463
"../../../Engine/Plugins/Animation/ControlRig/Content/Controls/ControlRig_QuarterCircle_1mm.uasset" 464
"../../../Engine/Plugins/Animation/ControlRig/Content/Controls/ControlRig_QuarterCircle_1mm.uexp" 465
"../../../Engine/Plugins/Animation/ControlRig/Content/Controls/ControlRig_Pyramid_solid.uasset" 466
"../../../Engine/Plugins/Animation/ControlRig/Content/Controls/ControlRig_Pyramid_solid.uexp" 467
"../../../Engine/Plugins/Animation/ControlRig/Content/Controls/ControlRig_Pyramid_3mm.uasset" 468
"../../../Engine/Plugins/Animation/ControlRig/Content/Controls/ControlRig_Pyramid_3mm.uexp" 469
"../../../Engine/Plugins/Animation/ControlRig/Content/Controls/ControlRig_Pyramid_1mm.uasset" 470
"../../../Engine/Plugins/Animation/ControlRig/Content/Controls/ControlRig_Pyramid_1mm.uexp" 471
"../../../Engine/Plugins/Animation/ControlRig/Content/Controls/ControlRig_Octagon_solid.uasset" 472
"../../../Engine/Plugins/Animation/ControlRig/Content/Controls/ControlRig_Octagon_solid.uexp" 473
"../../../Engine/Plugins/Animation/ControlRig/Content/Controls/ControlRig_Octagon_3mm.uasset" 474
"../../../Engine/Plugins/Animation/ControlRig/Content/Controls/ControlRig_Octagon_3mm.uexp" 475
"../../../Engine/Plugins/Animation/ControlRig/Content/Controls/ControlRig_Octagon_1mm.uasset" 476
"../../../Engine/Plugins/Animation/ControlRig/Content/Controls/ControlRig_Octagon_1mm.uexp" 477
"../../../Engine/Plugins/Animation/ControlRig/Content/Controls/ControlRig_Hexagon_solid.uasset" 478
"../../../Engine/Plugins/Animation/ControlRig/Content/Controls/ControlRig_Hexagon_solid.uexp" 479
"../../../Engine/Plugins/Animation/ControlRig/Content/Controls/ControlRig_Hexagon_3mm.uasset" 480
"../../../Engine/Plugins/Animation/ControlRig/Content/Controls/ControlRig_Hexagon_3mm.uexp" 481
"../../../Engine/Plugins/Animation/ControlRig/Content/Controls/ControlRig_Hexagon_1mm.uasset" 482
"../../../Engine/Plugins/Animation/ControlRig/Content/Controls/ControlRig_Hexagon_1mm.uexp" 483
"../../../Engine/Plugins/Animation/ControlRig/Content/Controls/ControlRig_HalfCircle_solid.uasset" 484
"../../../Engine/Plugins/Animation/ControlRig/Content/Controls/ControlRig_HalfCircle_solid.uexp" 485
"../../../Engine/Plugins/Animation/ControlRig/Content/Controls/ControlRig_HalfCircle_3mm.uasset" 486
"../../../Engine/Plugins/Animation/ControlRig/Content/Controls/ControlRig_HalfCircle_3mm.uexp" 487
"../../../Engine/Plugins/Animation/ControlRig/Content/Controls/ControlRig_HalfCircle_1mm.uasset" 488
"../../../Engine/Plugins/Animation/ControlRig/Content/Controls/ControlRig_HalfCircle_1mm.uexp" 489
"../../../Engine/Plugins/Animation/ControlRig/Content/Controls/ControlRig_Diamond_solid.uasset" 490
"../../../Engine/Plugins/Animation/ControlRig/Content/Controls/ControlRig_Diamond_solid.uexp" 491
"../../../Engine/Plugins/Animation/ControlRig/Content/Controls/ControlRig_Diamond_3mm.uasset" 492
"../../../Engine/Plugins/Animation/ControlRig/Content/Controls/ControlRig_Diamond_3mm.uexp" 493
"../../../Engine/Plugins/Animation/ControlRig/Content/Controls/ControlRig_Diamond_1mm.uasset" 494
"../../../Engine/Plugins/Animation/ControlRig/Content/Controls/ControlRig_Diamond_1mm.uexp" 495
"../../../Engine/Plugins/Animation/ControlRig/Content/Controls/ControlRig_Circle_solid.uasset" 496
"../../../Engine/Plugins/Animation/ControlRig/Content/Controls/ControlRig_Circle_solid.uexp" 497
"../../../Engine/Plugins/Animation/ControlRig/Content/Controls/ControlRig_Circle_3mm.uasset" 498
"../../../Engine/Plugins/Animation/ControlRig/Content/Controls/ControlRig_Circle_3mm.uexp" 499
"../../../Engine/Plugins/Animation/ControlRig/Content/Controls/ControlRig_Circle_1mm.uasset" 500
"../../../Engine/Plugins/Animation/ControlRig/Content/Controls/ControlRig_Circle_1mm.uexp" 501
"../../../Engine/Plugins/Animation/ControlRig/Content/Controls/ControlRig_Box_solid.uasset" 502
"../../../Engine/Plugins/Animation/ControlRig/Content/Controls/ControlRig_Box_solid.uexp" 503
"../../../Engine/Plugins/Animation/ControlRig/Content/Controls/ControlRig_Box_3mm.uasset" 504
"../../../Engine/Plugins/Animation/ControlRig/Content/Controls/ControlRig_Box_3mm.uexp" 505
"../../../Engine/Plugins/Animation/ControlRig/Content/Controls/ControlRig_Box_1mm.uasset" 506
"../../../Engine/Plugins/Animation/ControlRig/Content/Controls/ControlRig_Box_1mm.uexp" 507
"../../../Engine/Plugins/Animation/ControlRig/Content/Controls/ControlRig_Arrow_solid.uasset" 508
"../../../Engine/Plugins/Animation/ControlRig/Content/Controls/ControlRig_Arrow_solid.uexp" 509
"../../../Engine/Plugins/Animation/ControlRig/Content/Controls/ControlRig_Arrow_3mm.uasset" 510
"../../../Engine/Plugins/Animation/ControlRig/Content/Controls/ControlRig_Arrow_3mm.uexp" 511
"../../../Engine/Plugins/Animation/ControlRig/Content/Controls/ControlRig_Arrow_1mm.uasset" 512
"../../../Engine/Plugins/Animation/ControlRig/Content/Controls/ControlRig_Arrow_1mm.uexp" 513
"../../../Engine/Plugins/Animation/ControlRig/Content/Controls/ControlRig_Arrow4_solid.uasset" 514
"../../../Engine/Plugins/Animation/ControlRig/Content/Controls/ControlRig_Arrow4_solid.uexp" 515
"../../../Engine/Plugins/Animation/ControlRig/Content/Controls/ControlRig_Arrow4_3mm.uasset" 516
"../../../Engine/Plugins/Animation/ControlRig/Content/Controls/ControlRig_Arrow4_3mm.uexp" 517
"../../../Engine/Plugins/Animation/ControlRig/Content/Controls/ControlRig_Arrow4_1mm.uasset" 518
"../../../Engine/Plugins/Animation/ControlRig/Content/Controls/ControlRig_Arrow4_1mm.uexp" 519
"../../../Engine/Plugins/Animation/ControlRig/Content/Controls/ControlRig_Arrow2_solid.uasset" 520
"../../../Engine/Plugins/Animation/ControlRig/Content/Controls/ControlRig_Arrow2_solid.uexp" 521
"../../../Engine/Plugins/Animation/ControlRig/Content/Controls/ControlRig_Arrow2_3mm.uasset" 522
"../../../Engine/Plugins/Animation/ControlRig/Content/Controls/ControlRig_Arrow2_3mm.uexp" 523
"../../../Engine/Plugins/Animation/ControlRig/Content/Controls/ControlRig_Arrow2_1mm.uasset" 524
"../../../Engine/Plugins/Animation/ControlRig/Content/Controls/ControlRig_Arrow2_1mm.uexp" 525
"../../../Engine/Plugins/Animation/ControlRig/Content/Controls/ControlRigGizmoMaterial.uasset" 526
"../../../Engine/Plugins/Animation/ControlRig/Content/Controls/ControlRigGizmoMaterial.uexp" 527
"../../../Engine/Plugins/Editor/SpeedTreeImporter/Content/SpeedTree9/game_wind_noise.uasset" 528
"../../../Engine/Plugins/Editor/SpeedTreeImporter/Content/SpeedTree9/game_wind_noise.uexp" 529
"../../../Engine/Plugins/Editor/SpeedTreeImporter/Content/SpeedTree9/UnpackDirection.uasset" 530
"../../../Engine/Plugins/Editor/SpeedTreeImporter/Content/SpeedTree9/UnpackDirection.uexp" 531
"../../../Engine/Content/Functions/Engine_MaterialFunctions02/ObjectLocalBounds.uasset" 532
"../../../Engine/Content/Functions/Engine_MaterialFunctions02/ObjectLocalBounds.uexp" 533
"../../../Engine/Content/Functions/Engine_MaterialFunctions02/UVs/BoundingBoxBased_0-1_UVW.uasset" 534
"../../../Engine/Content/Functions/Engine_MaterialFunctions02/UVs/BoundingBoxBased_0-1_UVW.uexp" 535
"../../../Engine/Content/Functions/Engine_MaterialFunctions02/Utility/VectorLength.uasset" 536
"../../../Engine/Content/Functions/Engine_MaterialFunctions02/Utility/VectorLength.uexp" 537
"../../../Engine/Plugins/Editor/SpeedTreeImporter/Content/SpeedTree9/UnpackInteger3.uasset" 538
"../../../Engine/Plugins/Editor/SpeedTreeImporter/Content/SpeedTree9/UnpackInteger3.uexp" 539
"../../../Engine/Plugins/Editor/SpeedTreeImporter/Content/SpeedTree9/SpeedTreeCameraFacing.uasset" 540
"../../../Engine/Plugins/Editor/SpeedTreeImporter/Content/SpeedTree9/SpeedTreeCameraFacing.uexp" 541
"../../../Engine/Content/Functions/Engine_MaterialFunctions02/WorldPositionOffset/ObjectScale.uasset" 542
"../../../Engine/Content/Functions/Engine_MaterialFunctions02/WorldPositionOffset/ObjectScale.uexp" 543
"../../../Engine/Content/Functions/Engine_MaterialFunctions02/SafeNormalize.uasset" 544
"../../../Engine/Content/Functions/Engine_MaterialFunctions02/SafeNormalize.uexp" 545
"../../../Engine/Plugins/Editor/SpeedTreeImporter/Content/SpeedTree9/SpeedTreeWindMotion.uasset" 546
"../../../Engine/Plugins/Editor/SpeedTreeImporter/Content/SpeedTree9/SpeedTreeWindMotion.uexp" 547
"../../../Engine/Plugins/Editor/SpeedTreeImporter/Content/SpeedTree9/SpeedTreeBranchMotion.uasset" 548
"../../../Engine/Plugins/Editor/SpeedTreeImporter/Content/SpeedTree9/SpeedTreeBranchMotion.uexp" 549
"../../../Engine/Plugins/Editor/SpeedTreeImporter/Content/SpeedTree9/SpeedTreeWind.uasset" 550
"../../../Engine/Plugins/Editor/SpeedTreeImporter/Content/SpeedTree9/SpeedTreeWind.uexp" 551
"../../../Engine/Plugins/Editor/SpeedTreeImporter/Content/SpeedTree9/EmptyNormal.uasset" 552
"../../../Engine/Plugins/Editor/SpeedTreeImporter/Content/SpeedTree9/EmptyNormal.uexp" 553
"../../../Engine/Plugins/Editor/SpeedTreeImporter/Content/SpeedTree9/Empty.uasset" 554
"../../../Engine/Plugins/Editor/SpeedTreeImporter/Content/SpeedTree9/Empty.uexp" 555
"../../../Engine/Plugins/Editor/SpeedTreeImporter/Content/SpeedTree9/SpeedTreeMaster.uasset" 556
"../../../Engine/Plugins/Editor/SpeedTreeImporter/Content/SpeedTree9/SpeedTreeMaster.uexp" 557
"../../../Engine/Plugins/Editor/SpeedTreeImporter/Content/SpeedTree9/SpeedTreeBillboard.uasset" 558
"../../../Engine/Plugins/Editor/SpeedTreeImporter/Content/SpeedTree9/SpeedTreeBillboard.uexp" 559
"../../../Engine/Plugins/Editor/SpeedTreeImporter/Content/SpeedTree9/SpeedTreeBillboardMaster.uasset" 560
"../../../Engine/Plugins/Editor/SpeedTreeImporter/Content/SpeedTree9/SpeedTreeBillboardMaster.uexp" 561
"../../../Engine/Plugins/Runtime/HairStrands/Content/Materials/HairMeshesDefaultMaterial.uasset" 562
"../../../Engine/Plugins/Runtime/HairStrands/Content/Materials/HairMeshesDefaultMaterial.uexp" 563
"../../../Engine/Plugins/Runtime/HairStrands/Content/Materials/HairDefaultMaterial.uasset" 564
"../../../Engine/Plugins/Runtime/HairStrands/Content/Materials/HairDefaultMaterial.uexp" 565
"../../../Engine/Plugins/Runtime/HairStrands/Content/Materials/HairGroupColors.uasset" 566
"../../../Engine/Plugins/Runtime/HairStrands/Content/Materials/HairGroupColors.uexp" 567
"../../../Engine/Content/EngineMaterials/HairColorMap.uasset" 568
"../../../Engine/Content/EngineMaterials/HairColorMap.uexp" 569
"../../../Engine/Content/EngineMaterials/HairDebugColor.uasset" 570
"../../../Engine/Content/EngineMaterials/HairDebugColor.uexp" 571
"../../../Engine/Plugins/Runtime/HairStrands/Content/Materials/HairDebugMaterial.uasset" 572
"../../../Engine/Plugins/Runtime/HairStrands/Content/Materials/HairDebugMaterial.uexp" 573
"../../../Engine/Plugins/Runtime/HairStrands/Content/Materials/HairCardsDefaultMaterial.uasset" 574
"../../../Engine/Plugins/Runtime/HairStrands/Content/Materials/HairCardsDefaultMaterial.uexp" 575
"../../../Engine/Plugins/Runtime/WebBrowserWidget/Content/WebTexture_T.uasset" 576
"../../../Engine/Plugins/Runtime/WebBrowserWidget/Content/WebTexture_T.uexp" 577
"../../../Engine/Plugins/Runtime/WebBrowserWidget/Content/WebTexture_TM.uasset" 578
"../../../Engine/Plugins/Runtime/WebBrowserWidget/Content/WebTexture_TM.uexp" 579
"../../../Engine/Plugins/Runtime/WebBrowserWidget/Content/WebTexture_M.uasset" 580
"../../../Engine/Plugins/Runtime/WebBrowserWidget/Content/WebTexture_M.uexp" 581
"C:/Users/aades/Downloads/rpmOld/RPM0003/Content/Lobby.uexp" 582
"C:/Users/aades/Downloads/rpmOld/RPM0003/Content/Lobby.umap" 583
"../../../Engine/Content/EngineMaterials/BlendFunc_DefBlend.uasset" 584
"../../../Engine/Content/EngineMaterials/BlendFunc_DefBlend.uexp" 585
"../../../Engine/Content/EngineMaterials/BlendFunc_DefBase.uasset" 586
"../../../Engine/Content/EngineMaterials/BlendFunc_DefBase.uexp" 587
"../../../Engine/Content/Functions/Engine_MaterialFunctions03/Blends/Blend_Overlay.uasset" 588
"../../../Engine/Content/Functions/Engine_MaterialFunctions03/Blends/Blend_Overlay.uexp" 589
"../../../Engine/Content/OpenWorldTemplate/LandscapeMaterial/T_GridChecker_A.uasset" 590
"../../../Engine/Content/OpenWorldTemplate/LandscapeMaterial/T_GridChecker_A.uexp" 591
"../../../Engine/Content/Functions/Engine_MaterialFunctions01/Gradient/LinearGradient.uasset" 592
"../../../Engine/Content/Functions/Engine_MaterialFunctions01/Gradient/LinearGradient.uexp" 593
"../../../Engine/Content/Functions/Engine_MaterialFunctions01/ImageAdjustment/CheapContrast.uasset" 594
"../../../Engine/Content/Functions/Engine_MaterialFunctions01/ImageAdjustment/CheapContrast.uexp" 595
"../../../Engine/Content/OpenWorldTemplate/LandscapeMaterial/MF_ProcGrid.uasset" 596
"../../../Engine/Content/OpenWorldTemplate/LandscapeMaterial/MF_ProcGrid.uexp" 597
"../../../Engine/Content/OpenWorldTemplate/LandscapeMaterial/M_ProcGrid.uasset" 598
"../../../Engine/Content/OpenWorldTemplate/LandscapeMaterial/M_ProcGrid.uexp" 599
"../../../Engine/Content/OpenWorldTemplate/LandscapeMaterial/MI_ProcGrid.uasset" 600
"../../../Engine/Content/OpenWorldTemplate/LandscapeMaterial/MI_ProcGrid.uexp" 601
"../../../Engine/Content/EngineSky/T_Sky_Stars.uasset" 602
"../../../Engine/Content/EngineSky/T_Sky_Stars.uexp" 603
"../../../Engine/Content/EngineSky/T_Sky_Clouds_M.uasset" 604
"../../../Engine/Content/EngineSky/T_Sky_Clouds_M.uexp" 605
"../../../Engine/Content/EngineSky/T_Sky_Blue.uasset" 606
"../../../Engine/Content/EngineSky/T_Sky_Blue.uexp" 607
"../../../Engine/Content/EngineSky/M_Sky_Panning_Clouds2.uasset" 608
"../../../Engine/Content/EngineSky/M_Sky_Panning_Clouds2.uexp" 609
"../../../Engine/Content/EngineSky/SM_SkySphere.uasset" 610
"../../../Engine/Content/EngineSky/SM_SkySphere.uexp" 611
"../../../Engine/Content/MapTemplates/SM_Template_Map_Floor.uasset" 612
"../../../Engine/Content/MapTemplates/SM_Template_Map_Floor.uexp" 613
"C:/Users/aades/Downloads/rpmOld/RPM0003/Content/Maps/RPM_Level_BuiltData.uasset" 614
"C:/Users/aades/Downloads/rpmOld/RPM0003/Content/Maps/RPM_Level_BuiltData.uexp" 615
"C:/Users/aades/Downloads/rpmOld/RPM0003/Content/Widgets/RPM_BrowserWidget.uasset" 616
"C:/Users/aades/Downloads/rpmOld/RPM0003/Content/Widgets/RPM_BrowserWidget.uexp" 617
"../../../Engine/Content/EditorBlueprintResources/StandardMacros.uasset" 618
"../../../Engine/Content/EditorBlueprintResources/StandardMacros.uexp" 619
"C:/Users/aades/Downloads/rpmOld/RPM0003/Plugins/ReadyPlayerMe/Content/Character/Fullbody/Textures/Wolf3D_Avatar_Normal.uasset" 620
"C:/Users/aades/Downloads/rpmOld/RPM0003/Plugins/ReadyPlayerMe/Content/Character/Fullbody/Textures/Wolf3D_Avatar_Normal.uexp" 621
"C:/Users/aades/Downloads/rpmOld/RPM0003/Plugins/ReadyPlayerMe/Content/Character/Fullbody/Textures/Wolf3D_Avatar_Diffuse.uasset" 622
"C:/Users/aades/Downloads/rpmOld/RPM0003/Plugins/ReadyPlayerMe/Content/Character/Fullbody/Textures/Wolf3D_Avatar_Diffuse.uexp" 623
"C:/Users/aades/Downloads/rpmOld/RPM0003/Plugins/ReadyPlayerMe/Content/Character/Fullbody/Materials/RPM_Avatar.uasset" 624
"C:/Users/aades/Downloads/rpmOld/RPM0003/Plugins/ReadyPlayerMe/Content/Character/Fullbody/Materials/RPM_Avatar.uexp" 625
"C:/Users/aades/Downloads/rpmOld/RPM0003/Plugins/ReadyPlayerMe/Content/Character/Fullbody/Mesh/RPM_Mixamo_PhysicsAsset.uasset" 626
"C:/Users/aades/Downloads/rpmOld/RPM0003/Plugins/ReadyPlayerMe/Content/Character/Fullbody/Mesh/RPM_Mixamo_PhysicsAsset.uexp" 627
"C:/Users/aades/Downloads/rpmOld/RPM0003/Plugins/ReadyPlayerMe/Content/Character/Fullbody/Mesh/RPM_Mixamo_SkeletalMesh.uasset" 628
"C:/Users/aades/Downloads/rpmOld/RPM0003/Plugins/ReadyPlayerMe/Content/Character/Fullbody/Mesh/RPM_Mixamo_SkeletalMesh.uexp" 629
"../../../Engine/Content/Animation/DefaultAnimCurveCompressionSettings.uasset" 630
"../../../Engine/Content/Animation/DefaultAnimCurveCompressionSettings.uexp" 631
"C:/Users/aades/Downloads/rpmOld/RPM0003/Content/Animations/Idle.uasset" 632
"C:/Users/aades/Downloads/rpmOld/RPM0003/Content/Animations/Idle.uexp" 633
"C:/Users/aades/Downloads/rpmOld/RPM0003/Content/Animations/Walking.uasset" 634
"C:/Users/aades/Downloads/rpmOld/RPM0003/Content/Animations/Walking.uexp" 635
"C:/Users/aades/Downloads/rpmOld/RPM0003/Content/Animations/Running.uasset" 636
"C:/Users/aades/Downloads/rpmOld/RPM0003/Content/Animations/Running.uexp" 637
"C:/Users/aades/Downloads/rpmOld/RPM0003/Content/Animations/AnimBP/RPM_1d_Blendspace.uasset" 638
"C:/Users/aades/Downloads/rpmOld/RPM0003/Content/Animations/AnimBP/RPM_1d_Blendspace.uexp" 639
"C:/Users/aades/Downloads/rpmOld/RPM0003/Content/Animations/AnimBP/RPM_AnimBP.uasset" 640
"C:/Users/aades/Downloads/rpmOld/RPM0003/Content/Animations/AnimBP/RPM_AnimBP.uexp" 641
"../../../Engine/Content/EditorBlueprintResources/ActorMacros.uasset" 642
"../../../Engine/Content/EditorBlueprintResources/ActorMacros.uexp" 643
"C:/Users/aades/Downloads/rpmOld/RPM0003/Content/Animations/Jazz_Dancing.uasset" 644
"C:/Users/aades/Downloads/rpmOld/RPM0003/Content/Animations/Jazz_Dancing.uexp" 645
"C:/Users/aades/Downloads/rpmOld/RPM0003/Content/Blueprints/BP_RPM_Character.uasset" 646
"C:/Users/aades/Downloads/rpmOld/RPM0003/Content/Blueprints/BP_RPM_Character.uexp" 647
"C:/Users/aades/Downloads/rpmOld/RPM0003/Content/Blueprints/RPM_PlayerController.uasset" 648
"C:/Users/aades/Downloads/rpmOld/RPM0003/Content/Blueprints/RPM_PlayerController.uexp" 649
"C:/Users/aades/Downloads/rpmOld/RPM0003/Content/Blueprints/MyRPM0003GameModeBase.uasset" 650
"C:/Users/aades/Downloads/rpmOld/RPM0003/Content/Blueprints/MyRPM0003GameModeBase.uexp" 651
"../../../Engine/Content/EngineSky/M_SimpleSkyDome.uasset" 652
"../../../Engine/Content/EngineSky/M_SimpleSkyDome.uexp" 653
"C:/Users/aades/Downloads/rpmOld/RPM0003/Content/Maps/RPM_Level.uexp" 654
"C:/Users/aades/Downloads/rpmOld/RPM0003/Content/Maps/RPM_Level.umap" 655
