"../../../Engine/Content/Functions/Engine_MaterialFunctions01/Shading/PowerToRoughness.uasset" 0
"../../../Engine/Content/Functions/Engine_MaterialFunctions01/Shading/PowerToRoughness.uexp" 1
"../../../Engine/Content/Functions/Engine_MaterialFunctions01/Shading/ConvertFromDiffSpec.uasset" 2
"../../../Engine/Content/Functions/Engine_MaterialFunctions01/Shading/ConvertFromDiffSpec.uexp" 3
"../../../Engine/Content/EngineSounds/Master.uasset" 4
"../../../Engine/Content/EngineSounds/Master.uexp" 5
"../../../Engine/Content/EngineSky/VolumetricClouds/CloudWeatherTexture.uasset" 6
"../../../Engine/Content/EngineSky/VolumetricClouds/CloudWeatherTexture.uexp" 7
"../../../Engine/Content/Functions/Engine_MaterialFunctions02/Utility/MakeFloat2.uasset" 8
"../../../Engine/Content/Functions/Engine_MaterialFunctions02/Utility/MakeFloat2.uexp" 9
"../../../Engine/Content/EngineSky/VolumetricClouds/CloudGradientTexture.uasset" 10
"../../../Engine/Content/EngineSky/VolumetricClouds/CloudGradientTexture.uexp" 11
"../../../Engine/Content/EngineSky/VolumetricClouds/T_NoiseShape64.ubulk" 12
"../../../Engine/Content/EngineSky/VolumetricClouds/T_NoiseShape64.uasset" 13
"../../../Engine/Content/EngineSky/VolumetricClouds/T_NoiseShape64.uexp" 14
"../../../Engine/Content/EngineSky/VolumetricClouds/T_VolumeNoiseShape64.uasset" 15
"../../../Engine/Content/EngineSky/VolumetricClouds/T_VolumeNoiseShape64.uexp" 16
"../../../Engine/Content/EngineSky/VolumetricClouds/T_NoiseErosion.ubulk" 17
"../../../Engine/Content/EngineSky/VolumetricClouds/T_NoiseErosion.uasset" 18
"../../../Engine/Content/EngineSky/VolumetricClouds/T_NoiseErosion.uexp" 19
"../../../Engine/Content/EngineSky/VolumetricClouds/T_VolumeNoiseErosion32.uasset" 20
"../../../Engine/Content/EngineSky/VolumetricClouds/T_VolumeNoiseErosion32.uexp" 21
"../../../Engine/Content/EngineSky/VolumetricClouds/m_SimpleVolumetricCloud.uasset" 22
"../../../Engine/Content/EngineSky/VolumetricClouds/m_SimpleVolumetricCloud.uexp" 23
"../../../Engine/Content/EngineSky/VolumetricClouds/m_SimpleVolumetricCloud_Inst.uasset" 24
"../../../Engine/Content/EngineSky/VolumetricClouds/m_SimpleVolumetricCloud_Inst.uexp" 25
"../../../Engine/Content/EngineResources/GradientTexture0.uasset" 26
"../../../Engine/Content/EngineResources/GradientTexture0.uexp" 27
"../../../Engine/Content/EngineResources/DefaultVolumeTexture2D.uasset" 28
"../../../Engine/Content/EngineResources/DefaultVolumeTexture2D.uexp" 29
"../../../Engine/Content/EngineResources/DefaultVolumeTexture.uasset" 30
"../../../Engine/Content/EngineResources/DefaultVolumeTexture.uexp" 31
"../../../Engine/Content/EngineResources/DefaultTextureCube.uasset" 32
"../../../Engine/Content/EngineResources/DefaultTextureCube.uexp" 33
"../../../Engine/Content/EngineResources/DefaultTexture.ubulk" 34
"../../../Engine/Content/EngineResources/DefaultTexture.uasset" 35
"../../../Engine/Content/EngineResources/DefaultTexture.uexp" 36
"../../../Engine/Content/EngineResources/Black.uasset" 37
"../../../Engine/Content/EngineResources/Black.uexp" 38
"../../../Engine/Content/EngineResources/FilmGrains/Marcie_Grain_v3_128_M2_000.uasset" 39
"../../../Engine/Content/EngineResources/FilmGrains/Marcie_Grain_v3_128_M2_000.uexp" 40
"../../../Engine/Content/EngineMeshes/Sphere.ubulk" 41
"../../../Engine/Content/EngineMeshes/Sphere.uasset" 42
"../../../Engine/Content/EngineMeshes/Sphere.uexp" 43
"../../../Engine/Content/EngineResources/WhiteSquareTexture.uasset" 44
"../../../Engine/Content/EngineResources/WhiteSquareTexture.uexp" 45
"../../../Engine/Content/EngineMaterials/Widget3DPassThrough.uasset" 46
"../../../Engine/Content/EngineMaterials/Widget3DPassThrough.uexp" 47
"../../../Engine/Content/EngineMaterials/Widget3DPassThrough_Translucent.uasset" 48
"../../../Engine/Content/EngineMaterials/Widget3DPassThrough_Translucent.uexp" 49
"../../../Engine/Content/EngineMaterials/Widget3DPassThrough_Translucent_OneSided.uasset" 50
"../../../Engine/Content/EngineMaterials/Widget3DPassThrough_Translucent_OneSided.uexp" 51
"../../../Engine/Content/EngineMaterials/Widget3DPassThrough_Opaque.uasset" 52
"../../../Engine/Content/EngineMaterials/Widget3DPassThrough_Opaque.uexp" 53
"../../../Engine/Content/EngineMaterials/Widget3DPassThrough_Opaque_OneSided.uasset" 54
"../../../Engine/Content/EngineMaterials/Widget3DPassThrough_Opaque_OneSided.uexp" 55
"../../../Engine/Content/EngineMaterials/Widget3DPassThrough_Masked_OneSided.uasset" 56
"../../../Engine/Content/EngineMaterials/Widget3DPassThrough_Masked_OneSided.uexp" 57
"../../../Engine/Content/EngineMaterials/Widget3DPassThrough_Masked.uasset" 58
"../../../Engine/Content/EngineMaterials/Widget3DPassThrough_Masked.uexp" 59
"../../../Engine/Content/EngineMaterials/WeightMapPlaceholderTexture.uasset" 60
"../../../Engine/Content/EngineMaterials/WeightMapPlaceholderTexture.uexp" 61
"../../../Engine/Content/EngineMaterials/RemoveSurfaceMaterial.uasset" 62
"../../../Engine/Content/EngineMaterials/RemoveSurfaceMaterial.uexp" 63
"../../../Engine/Content/EngineMaterials/PreintegratedSkinBRDF.uasset" 64
"../../../Engine/Content/EngineMaterials/PreintegratedSkinBRDF.uexp" 65
"../../../Engine/Content/EngineMaterials/DefaultCalibrationGrayscale.uasset" 66
"../../../Engine/Content/EngineMaterials/DefaultCalibrationGrayscale.uexp" 67
"../../../Engine/Content/EngineMaterials/PPM_DefaultCalibrationGrayscale.uasset" 68
"../../../Engine/Content/EngineMaterials/PPM_DefaultCalibrationGrayscale.uexp" 69
"../../../Engine/Content/EngineMaterials/DefaultCalibrationColor.uasset" 70
"../../../Engine/Content/EngineMaterials/DefaultCalibrationColor.uexp" 71
"../../../Engine/Content/EngineMaterials/PPM_DefaultCalibrationColor.uasset" 72
"../../../Engine/Content/EngineMaterials/PPM_DefaultCalibrationColor.uexp" 73
"../../../Engine/Content/Functions/Engine_MaterialFunctions02/WorldPositionOffset/CameraOffset.uasset" 74
"../../../Engine/Content/Functions/Engine_MaterialFunctions02/WorldPositionOffset/CameraOffset.uexp" 75
"../../../Engine/Content/EngineMaterials/PhAT_JointLimitMaterial.uasset" 76
"../../../Engine/Content/EngineMaterials/PhAT_JointLimitMaterial.uexp" 77
"../../../Engine/Content/EngineMaterials/InvalidLightmapSettings.ubulk" 78
"../../../Engine/Content/EngineMaterials/InvalidLightmapSettings.uasset" 79
"../../../Engine/Content/EngineMaterials/InvalidLightmapSettings.uexp" 80
"../../../Engine/Content/EngineMaterials/M_InvalidLightmapSettings.uasset" 81
"../../../Engine/Content/EngineMaterials/M_InvalidLightmapSettings.uexp" 82
"../../../Engine/Content/EngineMaterials/MiniFont.uasset" 83
"../../../Engine/Content/EngineMaterials/MiniFont.uexp" 84
"../../../Engine/Content/EngineMaterials/Good64x64TilingNoiseHighFreq.uasset" 85
"../../../Engine/Content/EngineMaterials/Good64x64TilingNoiseHighFreq.uexp" 86
"../../../Engine/Content/EngineMaterials/GizmoMaterial.uasset" 87
"../../../Engine/Content/EngineMaterials/GizmoMaterial.uexp" 88
"../../../Engine/Content/EngineMaterials/BaseFlattenEmissiveMap_VT.uasset" 89
"../../../Engine/Content/EngineMaterials/BaseFlattenEmissiveMap_VT.uexp" 90
"../../../Engine/Content/EngineMaterials/BaseFlattenGrayscaleMap_VT.uasset" 91
"../../../Engine/Content/EngineMaterials/BaseFlattenGrayscaleMap_VT.uexp" 92
"../../../Engine/Content/EngineMaterials/BaseFlattenLinearColor_VT.uasset" 93
"../../../Engine/Content/EngineMaterials/BaseFlattenLinearColor_VT.uexp" 94
"../../../Engine/Content/EngineMaterials/Black_1x1_EXR_Texture_VT.uasset" 95
"../../../Engine/Content/EngineMaterials/Black_1x1_EXR_Texture_VT.uexp" 96
"../../../Engine/Content/EngineMaterials/BaseFlattenDiffuseMap_VT.uasset" 97
"../../../Engine/Content/EngineMaterials/BaseFlattenDiffuseMap_VT.uexp" 98
"../../../Engine/Content/EngineMaterials/BaseFlattenNormalMap_VT.uasset" 99
"../../../Engine/Content/EngineMaterials/BaseFlattenNormalMap_VT.uexp" 100
"../../../Engine/Content/EngineMaterials/FlattenMaterial_WS_Normal_VT.uasset" 101
"../../../Engine/Content/EngineMaterials/FlattenMaterial_WS_Normal_VT.uexp" 102
"../../../Engine/Content/EngineMaterials/FlattenMaterial_VT.uasset" 103
"../../../Engine/Content/EngineMaterials/FlattenMaterial_VT.uexp" 104
"../../../Engine/Content/EngineMaterials/BaseFlattenNormalMap.uasset" 105
"../../../Engine/Content/EngineMaterials/BaseFlattenNormalMap.uexp" 106
"../../../Engine/Content/EngineMaterials/BaseFlattenGrayscaleMap.uasset" 107
"../../../Engine/Content/EngineMaterials/BaseFlattenGrayscaleMap.uexp" 108
"../../../Engine/Content/EngineMaterials/BaseFlattenDiffuseMap.uasset" 109
"../../../Engine/Content/EngineMaterials/BaseFlattenDiffuseMap.uexp" 110
"../../../Engine/Content/Functions/Engine_MaterialFunctions02/PivotPainter2/Black_1x1_EXR_Texture.uasset" 111
"../../../Engine/Content/Functions/Engine_MaterialFunctions02/PivotPainter2/Black_1x1_EXR_Texture.uexp" 112
"../../../Engine/Content/EngineMaterials/BaseFlattenEmissiveMap.uasset" 113
"../../../Engine/Content/EngineMaterials/BaseFlattenEmissiveMap.uexp" 114
"../../../Engine/Content/EngineMaterials/BaseFlattenLinearColor.uasset" 115
"../../../Engine/Content/EngineMaterials/BaseFlattenLinearColor.uexp" 116
"../../../Engine/Content/EngineMaterials/FlattenMaterial.uasset" 117
"../../../Engine/Content/EngineMaterials/FlattenMaterial.uexp" 118
"../../../Engine/Content/EngineMaterials/DefaultWhiteGrid_Low.uasset" 119
"../../../Engine/Content/EngineMaterials/DefaultWhiteGrid_Low.uexp" 120
"../../../Engine/Content/EngineMaterials/EmissiveMeshMaterial.uasset" 121
"../../../Engine/Content/EngineMaterials/EmissiveMeshMaterial.uexp" 122
"../../../Engine/Content/EngineMaterials/DefaultWhiteGrid.ubulk" 123
"../../../Engine/Content/EngineMaterials/DefaultWhiteGrid.uasset" 124
"../../../Engine/Content/EngineMaterials/DefaultWhiteGrid.uexp" 125
"../../../Engine/Content/EngineFonts/RobotoDistanceField.uasset" 126
"../../../Engine/Content/EngineFonts/RobotoDistanceField.uexp" 127
"../../../Engine/Content/EngineMaterials/DefaultTextMaterialOpaque.uasset" 128
"../../../Engine/Content/EngineMaterials/DefaultTextMaterialOpaque.uexp" 129
"../../../Engine/Content/EngineMaterials/DefaultDiffuse.ubulk" 130
"../../../Engine/Content/EngineMaterials/DefaultDiffuse.uasset" 131
"../../../Engine/Content/EngineMaterials/DefaultDiffuse.uexp" 132
"../../../Engine/Content/Functions/Engine_MaterialFunctions02/Utility/BreakOutFloat2Components.uasset" 133
"../../../Engine/Content/Functions/Engine_MaterialFunctions02/Utility/BreakOutFloat2Components.uexp" 134
"../../../Engine/Content/EngineMaterials/DefaultPostProcessMaterial.uasset" 135
"../../../Engine/Content/EngineMaterials/DefaultPostProcessMaterial.uexp" 136
"../../../Engine/Content/EngineMaterials/DefaultPhysicalMaterial.uasset" 137
"../../../Engine/Content/EngineMaterials/DefaultPhysicalMaterial.uexp" 138
"../../../Engine/Content/EngineMaterials/DefaultLightFunctionMaterial.uasset" 139
"../../../Engine/Content/EngineMaterials/DefaultLightFunctionMaterial.uexp" 140
"../../../Engine/Content/EngineMaterials/DefaultDestructiblePhysicalMaterial.uasset" 141
"../../../Engine/Content/EngineMaterials/DefaultDestructiblePhysicalMaterial.uexp" 142
"../../../Engine/Content/EngineMaterials/DefaultDeferredDecalMaterial.uasset" 143
"../../../Engine/Content/EngineMaterials/DefaultDeferredDecalMaterial.uexp" 144
"../../../Engine/Content/EngineMaterials/DefaultBokeh.uasset" 145
"../../../Engine/Content/EngineMaterials/DefaultBokeh.uexp" 146
"../../../Engine/Content/EngineMaterials/DefaultBloomKernel.uasset" 147
"../../../Engine/Content/EngineMaterials/DefaultBloomKernel.uexp" 148
"../../../Engine/Content/EngineMaterials/BlueNoise.uasset" 149
"../../../Engine/Content/EngineMaterials/BlueNoise.uexp" 150
"../../../Engine/Content/EngineFonts/Faces/RobotoLight.uexp" 151
"../../../Engine/Content/EngineFonts/Faces/RobotoLight.uasset" 152
"../../../Engine/Content/EngineFonts/Faces/RobotoLight.ufont" 153
"../../../Engine/Content/EngineFonts/Faces/RobotoBold.uexp" 154
"../../../Engine/Content/EngineFonts/Faces/RobotoBold.uasset" 155
"../../../Engine/Content/EngineFonts/Faces/RobotoBold.ufont" 156
"../../../Engine/Content/EngineFonts/Faces/RobotoRegular.uexp" 157
"../../../Engine/Content/EngineFonts/Faces/RobotoRegular.uasset" 158
"../../../Engine/Content/EngineFonts/Faces/RobotoRegular.ufont" 159
"../../../Engine/Content/EngineFonts/Faces/DroidSansFallback.uexp" 160
"../../../Engine/Content/EngineFonts/Faces/DroidSansFallback.uasset" 161
"../../../Engine/Content/EngineFonts/Faces/DroidSansFallback.ufont" 162
"../../../Engine/Content/EngineFonts/Faces/RobotoItalic.uexp" 163
"../../../Engine/Content/EngineFonts/Faces/RobotoItalic.uasset" 164
"../../../Engine/Content/EngineFonts/Faces/RobotoItalic.ufont" 165
"../../../Engine/Content/EngineFonts/Faces/RobotoBoldItalic.uexp" 166
"../../../Engine/Content/EngineFonts/Faces/RobotoBoldItalic.uasset" 167
"../../../Engine/Content/EngineFonts/Faces/RobotoBoldItalic.ufont" 168
"../../../Engine/Content/EngineFonts/Roboto.uasset" 169
"../../../Engine/Content/EngineFonts/Roboto.uexp" 170
"../../../Engine/Content/Functions/Engine_MaterialFunctions02/Utility/CameraDirectionVector.uasset" 171
"../../../Engine/Content/Functions/Engine_MaterialFunctions02/Utility/CameraDirectionVector.uexp" 172
"../../../Engine/Content/EngineDebugMaterials/VolumeToRender.uasset" 173
"../../../Engine/Content/EngineDebugMaterials/VolumeToRender.uexp" 174
"../../../Engine/Content/EngineDebugMaterials/M_VolumeRenderSphereTracePP.uasset" 175
"../../../Engine/Content/EngineDebugMaterials/M_VolumeRenderSphereTracePP.uexp" 176
"../../../Engine/Content/EngineDebugMaterials/M_SimpleUnlitTranslucent.uasset" 177
"../../../Engine/Content/EngineDebugMaterials/M_SimpleUnlitTranslucent.uexp" 178
"../../../Engine/Content/EngineDebugMaterials/DebugMeshMaterial.uasset" 179
"../../../Engine/Content/EngineDebugMaterials/DebugMeshMaterial.uexp" 180
"../../../Engine/Content/EngineDebugMaterials/DebugEditorMaterial.uasset" 181
"../../../Engine/Content/EngineDebugMaterials/DebugEditorMaterial.uexp" 182
"../../../Engine/Content/EngineDamageTypes/DmgTypeBP_Environmental.uasset" 183
"../../../Engine/Content/EngineDamageTypes/DmgTypeBP_Environmental.uexp" 184
"../../../Engine/Content/EditorResources/S_TriggerSphere.uasset" 185
"../../../Engine/Content/EditorResources/S_TriggerSphere.uexp" 186
"../../../Engine/Content/EditorResources/S_TriggerCapsule.uasset" 187
"../../../Engine/Content/EditorResources/S_TriggerCapsule.uexp" 188
"../../../Engine/Content/EditorResources/S_TriggerBox.uasset" 189
"../../../Engine/Content/EditorResources/S_TriggerBox.uexp" 190
"../../../Engine/Content/EditorResources/S_Trigger.ubulk" 191
"../../../Engine/Content/EditorResources/S_Trigger.uasset" 192
"../../../Engine/Content/EditorResources/S_Trigger.uexp" 193
"../../../Engine/Content/EditorResources/S_Terrain.ubulk" 194
"../../../Engine/Content/EditorResources/S_Terrain.uasset" 195
"../../../Engine/Content/EditorResources/S_Terrain.uexp" 196
"../../../Engine/Content/EditorResources/S_Solver.ubulk" 197
"../../../Engine/Content/EditorResources/S_Solver.uasset" 198
"../../../Engine/Content/EditorResources/S_Solver.uexp" 199
"../../../Engine/Content/EditorResources/S_BoxReflectionCapture.uasset" 200
"../../../Engine/Content/EditorResources/S_BoxReflectionCapture.uexp" 201
"../../../Engine/Content/EditorResources/S_Actor.ubulk" 202
"../../../Engine/Content/EditorResources/S_Actor.uasset" 203
"../../../Engine/Content/EditorResources/S_Actor.uexp" 204
"../../../Engine/Content/EditorResources/EmptyActor.uasset" 205
"../../../Engine/Content/EditorResources/EmptyActor.uexp" 206
"../../../Engine/Content/EditorResources/BSPVertex.uasset" 207
"../../../Engine/Content/EditorResources/BSPVertex.uexp" 208
"../../../Engine/Content/EditorResources/SequenceRecorder/RecordingIndicator.uasset" 209
"../../../Engine/Content/EditorResources/SequenceRecorder/RecordingIndicator.uexp" 210
"../../../Engine/Content/EditorResources/SequenceRecorder/Countdown.uasset" 211
"../../../Engine/Content/EditorResources/SequenceRecorder/Countdown.uexp" 212
"../../../Engine/Content/EditorMaterials/Camera/CineMat.uasset" 213
"../../../Engine/Content/EditorMaterials/Camera/CineMat.uexp" 214
"../../../Engine/Content/EditorMaterials/Camera/MI_CineMat_Rig.uasset" 215
"../../../Engine/Content/EditorMaterials/Camera/MI_CineMat_Rig.uexp" 216
"../../../Engine/Content/EditorMeshes/Camera/SM_RailRig_Track.ubulk" 217
"../../../Engine/Content/EditorMeshes/Camera/SM_RailRig_Track.uasset" 218
"../../../Engine/Content/EditorMeshes/Camera/SM_RailRig_Track.uexp" 219
"../../../Engine/Content/EditorMeshes/Camera/SM_RailRig_Mount.ubulk" 220
"../../../Engine/Content/EditorMeshes/Camera/SM_RailRig_Mount.uasset" 221
"../../../Engine/Content/EditorMeshes/Camera/SM_RailRig_Mount.uexp" 222
"../../../Engine/Content/EditorMeshes/Camera/SM_CraneRig_Mount.ubulk" 223
"../../../Engine/Content/EditorMeshes/Camera/SM_CraneRig_Mount.uasset" 224
"../../../Engine/Content/EditorMeshes/Camera/SM_CraneRig_Mount.uexp" 225
"../../../Engine/Content/EditorMeshes/Camera/SM_CraneRig_Body.ubulk" 226
"../../../Engine/Content/EditorMeshes/Camera/SM_CraneRig_Body.uasset" 227
"../../../Engine/Content/EditorMeshes/Camera/SM_CraneRig_Body.uexp" 228
"../../../Engine/Content/EditorMeshes/Camera/SM_CraneRig_Base.ubulk" 229
"../../../Engine/Content/EditorMeshes/Camera/SM_CraneRig_Base.uasset" 230
"../../../Engine/Content/EditorMeshes/Camera/SM_CraneRig_Base.uexp" 231
"../../../Engine/Content/EditorMeshes/Camera/SM_CraneRig_Arm.ubulk" 232
"../../../Engine/Content/EditorMeshes/Camera/SM_CraneRig_Arm.uasset" 233
"../../../Engine/Content/EditorMeshes/Camera/SM_CraneRig_Arm.uexp" 234
"../../../Engine/Content/EditorMaterials/PreviewShadowIndicator.ubulk" 235
"../../../Engine/Content/EditorMaterials/PreviewShadowIndicator.uasset" 236
"../../../Engine/Content/EditorMaterials/PreviewShadowIndicator.uexp" 237
"../../../Engine/Content/EditorMaterials/PreviewShadowIndicatorMaterial.uasset" 238
"../../../Engine/Content/EditorMaterials/PreviewShadowIndicatorMaterial.uexp" 239
"../../../Engine/Content/EditorMaterials/MAT_Groups_Visibility.uasset" 240
"../../../Engine/Content/EditorMaterials/MAT_Groups_Visibility.uexp" 241
"../../../Engine/Content/EditorMaterials/MAT_Groups_Toggle.uasset" 242
"../../../Engine/Content/EditorMaterials/MAT_Groups_Toggle.uexp" 243
"../../../Engine/Content/Functions/Engine_MaterialFunctions02/Utility/MakeFloat4.uasset" 244
"../../../Engine/Content/Functions/Engine_MaterialFunctions02/Utility/MakeFloat4.uexp" 245
"../../../Engine/Content/Functions/Engine_MaterialFunctions02/Utility/MakeFloat3.uasset" 246
"../../../Engine/Content/Functions/Engine_MaterialFunctions02/Utility/MakeFloat3.uexp" 247
"../../../Engine/Content/Functions/Engine_MaterialFunctions02/Utility/BreakOutFloat3Components.uasset" 248
"../../../Engine/Content/Functions/Engine_MaterialFunctions02/Utility/BreakOutFloat3Components.uexp" 249
"../../../Engine/Content/EditorMaterials/WorldPartition/WorldPartitionSpatialHashGridPreviewMaterial.uasset" 250
"../../../Engine/Content/EditorMaterials/WorldPartition/WorldPartitionSpatialHashGridPreviewMaterial.uexp" 251
"../../../Engine/Content/EditorMaterials/ParticleSystems/PSysThumbnail_OOD.ubulk" 252
"../../../Engine/Content/EditorMaterials/ParticleSystems/PSysThumbnail_OOD.uasset" 253
"../../../Engine/Content/EditorMaterials/ParticleSystems/PSysThumbnail_OOD.uexp" 254
"../../../Engine/Content/EditorMaterials/ParticleSystems/PSysThumbnail_NoImage.ubulk" 255
"../../../Engine/Content/EditorMaterials/ParticleSystems/PSysThumbnail_NoImage.uasset" 256
"../../../Engine/Content/EditorMaterials/ParticleSystems/PSysThumbnail_NoImage.uexp" 257
"../../../Engine/Content/EditorMaterials/MatineeGroups/MAT_Groups_Vector.uasset" 258
"../../../Engine/Content/EditorMaterials/MatineeGroups/MAT_Groups_Vector.uexp" 259
"../../../Engine/Content/EditorMaterials/MatineeGroups/MAT_Groups_Sound.uasset" 260
"../../../Engine/Content/EditorMaterials/MatineeGroups/MAT_Groups_Sound.uexp" 261
"../../../Engine/Content/EditorMaterials/MatineeGroups/MAT_Groups_Slomo.uasset" 262
"../../../Engine/Content/EditorMaterials/MatineeGroups/MAT_Groups_Slomo.uexp" 263
"../../../Engine/Content/EditorMaterials/MatineeGroups/MAT_Groups_Move.uasset" 264
"../../../Engine/Content/EditorMaterials/MatineeGroups/MAT_Groups_Move.uexp" 265
"../../../Engine/Content/EditorMaterials/MatineeGroups/MAT_Groups_Float.uasset" 266
"../../../Engine/Content/EditorMaterials/MatineeGroups/MAT_Groups_Float.uexp" 267
"../../../Engine/Content/EditorMaterials/MatineeGroups/MAT_Groups_Fade.uasset" 268
"../../../Engine/Content/EditorMaterials/MatineeGroups/MAT_Groups_Fade.uexp" 269
"../../../Engine/Content/EditorMaterials/MatineeGroups/MAT_Groups_Event.uasset" 270
"../../../Engine/Content/EditorMaterials/MatineeGroups/MAT_Groups_Event.uexp" 271
"../../../Engine/Content/EditorMaterials/MatineeGroups/MAT_Groups_Director.uasset" 272
"../../../Engine/Content/EditorMaterials/MatineeGroups/MAT_Groups_Director.uexp" 273
"../../../Engine/Content/EditorMaterials/MatineeGroups/MAT_Groups_AudioMaster.uasset" 274
"../../../Engine/Content/EditorMaterials/MatineeGroups/MAT_Groups_AudioMaster.uexp" 275
"../../../Engine/Content/EditorMaterials/MatineeGroups/MAT_Groups_Anim.uasset" 276
"../../../Engine/Content/EditorMaterials/MatineeGroups/MAT_Groups_Anim.uexp" 277
"../../../Engine/Content/EditorMaterials/MatineeGroups/MAT_ColorTrack.uasset" 278
"../../../Engine/Content/EditorMaterials/MatineeGroups/MAT_ColorTrack.uexp" 279
"../../../Engine/Content/EditorLandscapeResources/DefaultAlphaTexture.uasset" 280
"../../../Engine/Content/EditorLandscapeResources/DefaultAlphaTexture.uexp" 281
"../../../Engine/Content/EditorLandscapeResources/DataLayer.uasset" 282
"../../../Engine/Content/EditorLandscapeResources/DataLayer.uexp" 283
"../../../Engine/Content/EngineMaterials/T_Default_Material_Grid_M.ubulk" 284
"../../../Engine/Content/EngineMaterials/T_Default_Material_Grid_M.uasset" 285
"../../../Engine/Content/EngineMaterials/T_Default_Material_Grid_M.uexp" 286
"../../../Engine/Content/EngineMaterials/T_Default_Material_Grid_N.ubulk" 287
"../../../Engine/Content/EngineMaterials/T_Default_Material_Grid_N.uasset" 288
"../../../Engine/Content/EngineMaterials/T_Default_Material_Grid_N.uexp" 289
"../../../Engine/Content/Functions/Engine_MaterialFunctions01/Opacity/CameraDepthFade.uasset" 290
"../../../Engine/Content/Functions/Engine_MaterialFunctions01/Opacity/CameraDepthFade.uexp" 291
"../../../Engine/Content/EngineMaterials/DefaultMaterial.uasset" 292
"../../../Engine/Content/EngineMaterials/DefaultMaterial.uexp" 293
"../../../Engine/Content/BasicShapes/Sphere.ubulk" 294
"../../../Engine/Content/BasicShapes/Sphere.uasset" 295
"../../../Engine/Content/BasicShapes/Sphere.uexp" 296
"../../../Engine/Content/EngineMaterials/WorldGridMaterial.uasset" 297
"../../../Engine/Content/EngineMaterials/WorldGridMaterial.uexp" 298
"../../../Engine/Content/BasicShapes/Plane.ubulk" 299
"../../../Engine/Content/BasicShapes/Plane.uasset" 300
"../../../Engine/Content/BasicShapes/Plane.uexp" 301
"../../../Engine/Content/BasicShapes/Cylinder.ubulk" 302
"../../../Engine/Content/BasicShapes/Cylinder.uasset" 303
"../../../Engine/Content/BasicShapes/Cylinder.uexp" 304
"../../../Engine/Content/BasicShapes/Cube.ubulk" 305
"../../../Engine/Content/BasicShapes/Cube.uasset" 306
"../../../Engine/Content/BasicShapes/Cube.uexp" 307
"../../../Engine/Content/BasicShapes/Cone.ubulk" 308
"../../../Engine/Content/BasicShapes/Cone.uasset" 309
"../../../Engine/Content/BasicShapes/Cone.uexp" 310
"../../../Engine/Content/ArtTools/RenderToTexture/Meshes/S_1_Unit_Plane.ubulk" 311
"../../../Engine/Content/ArtTools/RenderToTexture/Meshes/S_1_Unit_Plane.uasset" 312
"../../../Engine/Content/ArtTools/RenderToTexture/Meshes/S_1_Unit_Plane.uexp" 313
"C:/Users/aades/Downloads/rpmOld/RPM0003/Plugins/ReadyPlayerMe/Content/Textures/T_RPM_Editor_Image_Banner.uasset" 314
"C:/Users/aades/Downloads/rpmOld/RPM0003/Plugins/ReadyPlayerMe/Content/Textures/T_RPM_Editor_Image_Banner.uexp" 315
"C:/Users/aades/Downloads/rpmOld/RPM0003/Plugins/ReadyPlayerMe/Content/Data/DA_RPM_CustomMorphTargetGroup.uasset" 316
"C:/Users/aades/Downloads/rpmOld/RPM0003/Plugins/ReadyPlayerMe/Content/Data/DA_RPM_CustomMorphTargetGroup.uexp" 317
"C:/Users/aades/Downloads/rpmOld/RPM0003/Plugins/ReadyPlayerMe/Content/Data/DA_RPM_StandardMorphTargetGroup.uasset" 318
"C:/Users/aades/Downloads/rpmOld/RPM0003/Plugins/ReadyPlayerMe/Content/Data/DA_RPM_StandardMorphTargetGroup.uexp" 319
"C:/Users/aades/Downloads/rpmOld/RPM0003/Plugins/ReadyPlayerMe/Content/Data/DA_RPM_AvatarConfig.uasset" 320
"C:/Users/aades/Downloads/rpmOld/RPM0003/Plugins/ReadyPlayerMe/Content/Data/DA_RPM_AvatarConfig.uexp" 321
"C:/Users/aades/Downloads/rpmOld/RPM0003/Plugins/ReadyPlayerMe/Content/Character/Halfbody/Textures/Wolf3D_Avatar_Normal.ubulk" 322
"C:/Users/aades/Downloads/rpmOld/RPM0003/Plugins/ReadyPlayerMe/Content/Character/Halfbody/Textures/Wolf3D_Avatar_Normal.uasset" 323
"C:/Users/aades/Downloads/rpmOld/RPM0003/Plugins/ReadyPlayerMe/Content/Character/Halfbody/Textures/Wolf3D_Avatar_Normal.uexp" 324
"C:/Users/aades/Downloads/rpmOld/RPM0003/Plugins/ReadyPlayerMe/Content/Character/Halfbody/Textures/Wolf3D_Avatar_Diffuse.ubulk" 325
"C:/Users/aades/Downloads/rpmOld/RPM0003/Plugins/ReadyPlayerMe/Content/Character/Halfbody/Textures/Wolf3D_Avatar_Diffuse.uasset" 326
"C:/Users/aades/Downloads/rpmOld/RPM0003/Plugins/ReadyPlayerMe/Content/Character/Halfbody/Textures/Wolf3D_Avatar_Diffuse.uexp" 327
"C:/Users/aades/Downloads/rpmOld/RPM0003/Plugins/ReadyPlayerMe/Content/Character/Halfbody/Materials/Halfbody_Avatar.uasset" 328
"C:/Users/aades/Downloads/rpmOld/RPM0003/Plugins/ReadyPlayerMe/Content/Character/Halfbody/Materials/Halfbody_Avatar.uexp" 329
"C:/Users/aades/Downloads/rpmOld/RPM0003/Plugins/ReadyPlayerMe/Content/Character/Halfbody/Mesh/RPM_Halfbody_Avatar_PhysicsAsset.uasset" 330
"C:/Users/aades/Downloads/rpmOld/RPM0003/Plugins/ReadyPlayerMe/Content/Character/Halfbody/Mesh/RPM_Halfbody_Avatar_PhysicsAsset.uexp" 331
"C:/Users/aades/Downloads/rpmOld/RPM0003/Plugins/ReadyPlayerMe/Content/Character/Halfbody/Mesh/RPM_Halfbody_Avatar_Skeleton.uasset" 332
"C:/Users/aades/Downloads/rpmOld/RPM0003/Plugins/ReadyPlayerMe/Content/Character/Halfbody/Mesh/RPM_Halfbody_Avatar_Skeleton.uexp" 333
"C:/Users/aades/Downloads/rpmOld/RPM0003/Plugins/ReadyPlayerMe/Content/Character/Halfbody/Mesh/RPM_Halfbody_Avatar.uasset" 334
"C:/Users/aades/Downloads/rpmOld/RPM0003/Plugins/ReadyPlayerMe/Content/Character/Halfbody/Mesh/RPM_Halfbody_Avatar.uexp" 335
"C:/Users/aades/Downloads/rpmOld/RPM0003/Plugins/ReadyPlayerMe/Content/Character/Halfbody/Animations/BP_Halfbody_Animation.uasset" 336
"C:/Users/aades/Downloads/rpmOld/RPM0003/Plugins/ReadyPlayerMe/Content/Character/Halfbody/Animations/BP_Halfbody_Animation.uexp" 337
"C:/Users/aades/Downloads/rpmOld/RPM0003/Plugins/ReadyPlayerMe/Content/Character/Fullbody/Mesh/RPM_BoneMapping.uasset" 338
"C:/Users/aades/Downloads/rpmOld/RPM0003/Plugins/ReadyPlayerMe/Content/Character/Fullbody/Mesh/RPM_BoneMapping.uexp" 339
"../../../Engine/Content/EngineMeshes/Humanoid.uasset" 340
"../../../Engine/Content/EngineMeshes/Humanoid.uexp" 341
"C:/Users/aades/Downloads/rpmOld/RPM0003/Plugins/ReadyPlayerMe/Content/Character/Fullbody/Mesh/RPM_Mixamo_Skeleton.uasset" 342
"C:/Users/aades/Downloads/rpmOld/RPM0003/Plugins/ReadyPlayerMe/Content/Character/Fullbody/Mesh/RPM_Mixamo_Skeleton.uexp" 343
"../../../Engine/Content/Animation/DefaultAnimBoneCompressionSettings.uasset" 344
"../../../Engine/Content/Animation/DefaultAnimBoneCompressionSettings.uexp" 345
"C:/Users/aades/Downloads/rpmOld/RPM0003/Plugins/ReadyPlayerMe/Content/Character/Fullbody/Animations/Silly_Dancing.uasset" 346
"C:/Users/aades/Downloads/rpmOld/RPM0003/Plugins/ReadyPlayerMe/Content/Character/Fullbody/Animations/Silly_Dancing.uexp" 347
"C:/Users/aades/Downloads/rpmOld/RPM0003/Plugins/ReadyPlayerMe/Content/Character/Fullbody/Animations/BP_RPM_Animation.uasset" 348
"C:/Users/aades/Downloads/rpmOld/RPM0003/Plugins/ReadyPlayerMe/Content/Character/Fullbody/Animations/BP_RPM_Animation.uexp" 349
"C:/Users/aades/Downloads/rpmOld/RPM0003/Plugins/ReadyPlayerMe/Content/Blueprints/BP_RPM_Actor.uasset" 350
"C:/Users/aades/Downloads/rpmOld/RPM0003/Plugins/ReadyPlayerMe/Content/Blueprints/BP_RPM_Actor.uexp" 351
"C:/Users/aades/Downloads/rpmOld/RPM0003/Plugins/glTFRuntime/Content/T_glTFRuntimeZero_sRGB.uasset" 352
"C:/Users/aades/Downloads/rpmOld/RPM0003/Plugins/glTFRuntime/Content/T_glTFRuntimeZero_sRGB.uexp" 353
"C:/Users/aades/Downloads/rpmOld/RPM0003/Plugins/glTFRuntime/Content/T_glTFRuntimeZero.uasset" 354
"C:/Users/aades/Downloads/rpmOld/RPM0003/Plugins/glTFRuntime/Content/T_glTFRuntimeZero.uexp" 355
"C:/Users/aades/Downloads/rpmOld/RPM0003/Plugins/glTFRuntime/Content/T_glTFRuntimeOne_sRGB.uasset" 356
"C:/Users/aades/Downloads/rpmOld/RPM0003/Plugins/glTFRuntime/Content/T_glTFRuntimeOne_sRGB.uexp" 357
"../../../Engine/Content/Functions/Engine_MaterialFunctions02/Texturing/CustomRotator.uasset" 358
"../../../Engine/Content/Functions/Engine_MaterialFunctions02/Texturing/CustomRotator.uexp" 359
"C:/Users/aades/Downloads/rpmOld/RPM0003/Plugins/glTFRuntime/Content/MF_GetTexCoords.uasset" 360
"C:/Users/aades/Downloads/rpmOld/RPM0003/Plugins/glTFRuntime/Content/MF_GetTexCoords.uexp" 361
"C:/Users/aades/Downloads/rpmOld/RPM0003/Plugins/glTFRuntime/Content/M_Unlit_glTFRuntimeBase.uasset" 362
"C:/Users/aades/Downloads/rpmOld/RPM0003/Plugins/glTFRuntime/Content/M_Unlit_glTFRuntimeBase.uexp" 363
"C:/Users/aades/Downloads/rpmOld/RPM0003/Plugins/glTFRuntime/Content/M_Unlit_glTFRuntimeTwoSided_Inst.uasset" 364
"C:/Users/aades/Downloads/rpmOld/RPM0003/Plugins/glTFRuntime/Content/M_Unlit_glTFRuntimeTwoSided_Inst.uexp" 365
"C:/Users/aades/Downloads/rpmOld/RPM0003/Plugins/glTFRuntime/Content/M_Unlit_glTFRuntimeTwoSidedTranslucent_Inst.uasset" 366
"C:/Users/aades/Downloads/rpmOld/RPM0003/Plugins/glTFRuntime/Content/M_Unlit_glTFRuntimeTwoSidedTranslucent_Inst.uexp" 367
"C:/Users/aades/Downloads/rpmOld/RPM0003/Plugins/glTFRuntime/Content/M_Unlit_glTFRuntimeTwoSidedMasked_Inst.uasset" 368
"C:/Users/aades/Downloads/rpmOld/RPM0003/Plugins/glTFRuntime/Content/M_Unlit_glTFRuntimeTwoSidedMasked_Inst.uexp" 369
"C:/Users/aades/Downloads/rpmOld/RPM0003/Plugins/glTFRuntime/Content/M_Unlit_glTFRuntimeTranslucent_Inst.uasset" 370
"C:/Users/aades/Downloads/rpmOld/RPM0003/Plugins/glTFRuntime/Content/M_Unlit_glTFRuntimeTranslucent_Inst.uexp" 371
"C:/Users/aades/Downloads/rpmOld/RPM0003/Plugins/glTFRuntime/Content/M_Unlit_glTFRuntimeMasked_Inst.uasset" 372
"C:/Users/aades/Downloads/rpmOld/RPM0003/Plugins/glTFRuntime/Content/M_Unlit_glTFRuntimeMasked_Inst.uexp" 373
"C:/Users/aades/Downloads/rpmOld/RPM0003/Plugins/glTFRuntime/Content/T_glTFRuntimeNormal.uasset" 374
"C:/Users/aades/Downloads/rpmOld/RPM0003/Plugins/glTFRuntime/Content/T_glTFRuntimeNormal.uexp" 375
"C:/Users/aades/Downloads/rpmOld/RPM0003/Plugins/glTFRuntime/Content/T_glTFRuntimeOne.uasset" 376
"C:/Users/aades/Downloads/rpmOld/RPM0003/Plugins/glTFRuntime/Content/T_glTFRuntimeOne.uexp" 377
"C:/Users/aades/Downloads/rpmOld/RPM0003/Plugins/glTFRuntime/Content/M_Transmission_glTFRuntimeBase.uasset" 378
"C:/Users/aades/Downloads/rpmOld/RPM0003/Plugins/glTFRuntime/Content/M_Transmission_glTFRuntimeBase.uexp" 379
"C:/Users/aades/Downloads/rpmOld/RPM0003/Plugins/glTFRuntime/Content/M_Transmission_glTFRuntimeTwoSided_Inst.uasset" 380
"C:/Users/aades/Downloads/rpmOld/RPM0003/Plugins/glTFRuntime/Content/M_Transmission_glTFRuntimeTwoSided_Inst.uexp" 381
"C:/Users/aades/Downloads/rpmOld/RPM0003/Plugins/glTFRuntime/Content/MF_GetMaxComponent.uasset" 382
"C:/Users/aades/Downloads/rpmOld/RPM0003/Plugins/glTFRuntime/Content/MF_GetMaxComponent.uexp" 383
"C:/Users/aades/Downloads/rpmOld/RPM0003/Plugins/glTFRuntime/Content/MF_GetPerceivedBrightness.uasset" 384
"C:/Users/aades/Downloads/rpmOld/RPM0003/Plugins/glTFRuntime/Content/MF_GetPerceivedBrightness.uexp" 385
"C:/Users/aades/Downloads/rpmOld/RPM0003/Plugins/glTFRuntime/Content/MF_SolveMetallicFromSpecular.uasset" 386
"C:/Users/aades/Downloads/rpmOld/RPM0003/Plugins/glTFRuntime/Content/MF_SolveMetallicFromSpecular.uexp" 387
"C:/Users/aades/Downloads/rpmOld/RPM0003/Plugins/glTFRuntime/Content/MF_BaseColorFromDSM.uasset" 388
"C:/Users/aades/Downloads/rpmOld/RPM0003/Plugins/glTFRuntime/Content/MF_BaseColorFromDSM.uexp" 389
"C:/Users/aades/Downloads/rpmOld/RPM0003/Plugins/glTFRuntime/Content/M_glTFRuntime_SG_Base.uasset" 390
"C:/Users/aades/Downloads/rpmOld/RPM0003/Plugins/glTFRuntime/Content/M_glTFRuntime_SG_Base.uexp" 391
"C:/Users/aades/Downloads/rpmOld/RPM0003/Plugins/glTFRuntime/Content/M_glTFRuntime_SG_Twosided_Inst.uasset" 392
"C:/Users/aades/Downloads/rpmOld/RPM0003/Plugins/glTFRuntime/Content/M_glTFRuntime_SG_Twosided_Inst.uexp" 393
"C:/Users/aades/Downloads/rpmOld/RPM0003/Plugins/glTFRuntime/Content/M_glTFRuntime_SG_TwoSidedTranslucent_Inst.uasset" 394
"C:/Users/aades/Downloads/rpmOld/RPM0003/Plugins/glTFRuntime/Content/M_glTFRuntime_SG_TwoSidedTranslucent_Inst.uexp" 395
"C:/Users/aades/Downloads/rpmOld/RPM0003/Plugins/glTFRuntime/Content/M_glTFRuntime_SG_Translucent_Inst.uasset" 396
"C:/Users/aades/Downloads/rpmOld/RPM0003/Plugins/glTFRuntime/Content/M_glTFRuntime_SG_Translucent_Inst.uexp" 397
"C:/Users/aades/Downloads/rpmOld/RPM0003/Plugins/glTFRuntime/Content/M_glTFRuntimeBase.uasset" 398
"C:/Users/aades/Downloads/rpmOld/RPM0003/Plugins/glTFRuntime/Content/M_glTFRuntimeBase.uexp" 399
"C:/Users/aades/Downloads/rpmOld/RPM0003/Plugins/glTFRuntime/Content/M_glTFRuntimeTwoSided_Inst.uasset" 400
"C:/Users/aades/Downloads/rpmOld/RPM0003/Plugins/glTFRuntime/Content/M_glTFRuntimeTwoSided_Inst.uexp" 401
"C:/Users/aades/Downloads/rpmOld/RPM0003/Plugins/glTFRuntime/Content/M_glTFRuntimeTwoSidedTranslucent_Inst.uasset" 402
"C:/Users/aades/Downloads/rpmOld/RPM0003/Plugins/glTFRuntime/Content/M_glTFRuntimeTwoSidedTranslucent_Inst.uexp" 403
"C:/Users/aades/Downloads/rpmOld/RPM0003/Plugins/glTFRuntime/Content/M_glTFRuntimeTwoSidedMasked_Inst.uasset" 404
"C:/Users/aades/Downloads/rpmOld/RPM0003/Plugins/glTFRuntime/Content/M_glTFRuntimeTwoSidedMasked_Inst.uexp" 405
"C:/Users/aades/Downloads/rpmOld/RPM0003/Plugins/glTFRuntime/Content/M_glTFRuntimeTranslucent_Inst.uasset" 406
"C:/Users/aades/Downloads/rpmOld/RPM0003/Plugins/glTFRuntime/Content/M_glTFRuntimeTranslucent_Inst.uexp" 407
"C:/Users/aades/Downloads/rpmOld/RPM0003/Plugins/glTFRuntime/Content/M_glTFRuntimeMasked_Inst.uasset" 408
"C:/Users/aades/Downloads/rpmOld/RPM0003/Plugins/glTFRuntime/Content/M_glTFRuntimeMasked_Inst.uexp" 409
"../../../Engine/Content/MobileResources/HUD/VirtualJoystick_Background.uasset" 410
"../../../Engine/Content/MobileResources/HUD/VirtualJoystick_Background.uexp" 411
"../../../Engine/Content/MobileResources/HUD/VirtualJoystick_Thumb.uasset" 412
"../../../Engine/Content/MobileResources/HUD/VirtualJoystick_Thumb.uexp" 413
"../../../Engine/Content/MobileResources/HUD/DefaultVirtualJoysticks.uasset" 414
"../../../Engine/Content/MobileResources/HUD/DefaultVirtualJoysticks.uexp" 415
"../../../Engine/Content/Tutorial/ContentIntroCurve.uasset" 416
"../../../Engine/Content/Tutorial/ContentIntroCurve.uexp" 417
"../../../Engine/Content/VREditor/TransformGizmo/Main.uasset" 418
"../../../Engine/Content/VREditor/TransformGizmo/Main.uexp" 419
"../../../Engine/Content/VREditor/TransformGizmo/Xray.uasset" 420
"../../../Engine/Content/VREditor/TransformGizmo/Xray.uexp" 421
"../../../Engine/Content/VREditor/TransformGizmo/SM_Sequencer_Node.ubulk" 422
"../../../Engine/Content/VREditor/TransformGizmo/SM_Sequencer_Node.uasset" 423
"../../../Engine/Content/VREditor/TransformGizmo/SM_Sequencer_Node.uexp" 424
"../../../Engine/Content/VREditor/LaserPointer/VR_LaserPower_01.ubulk" 425
"../../../Engine/Content/VREditor/LaserPointer/VR_LaserPower_01.uasset" 426
"../../../Engine/Content/VREditor/LaserPointer/VR_LaserPower_01.uexp" 427
"../../../Engine/Content/VREditor/TransformGizmo/TransformGizmoMaterial.uasset" 428
"../../../Engine/Content/VREditor/TransformGizmo/TransformGizmoMaterial.uexp" 429
"../../../Engine/Content/VREditor/TransformGizmo/TranslucentTransformGizmoMaterial.uasset" 430
"../../../Engine/Content/VREditor/TransformGizmo/TranslucentTransformGizmoMaterial.uexp" 431
"../../../Engine/Content/VREditor/TransformGizmo/PlaneTranslationHandle.ubulk" 432
"../../../Engine/Content/VREditor/TransformGizmo/PlaneTranslationHandle.uasset" 433
"../../../Engine/Content/VREditor/TransformGizmo/PlaneTranslationHandle.uexp" 434
"../../../Engine/Content/VREditor/TransformGizmo/BoundingBoxEdge.ubulk" 435
"../../../Engine/Content/VREditor/TransformGizmo/BoundingBoxEdge.uasset" 436
"../../../Engine/Content/VREditor/TransformGizmo/BoundingBoxEdge.uexp" 437
"../../../Engine/Content/VREditor/TransformGizmo/BoundingBoxCorner.ubulk" 438
"../../../Engine/Content/VREditor/TransformGizmo/BoundingBoxCorner.uasset" 439
"../../../Engine/Content/VREditor/TransformGizmo/BoundingBoxCorner.uexp" 440
"../../../Engine/Plugins/2D/Paper2D/Content/PlaceholderTextures/DummySpriteTexture.ubulk" 441
"../../../Engine/Plugins/2D/Paper2D/Content/PlaceholderTextures/DummySpriteTexture.uasset" 442
"../../../Engine/Plugins/2D/Paper2D/Content/PlaceholderTextures/DummySpriteTexture.uexp" 443
"../../../Engine/Plugins/2D/Paper2D/Content/DefaultSpriteMaterial.uasset" 444
"../../../Engine/Plugins/2D/Paper2D/Content/DefaultSpriteMaterial.uexp" 445
"../../../Engine/Plugins/2D/Paper2D/Content/OpaqueUnlitSpriteMaterial.uasset" 446
"../../../Engine/Plugins/2D/Paper2D/Content/OpaqueUnlitSpriteMaterial.uexp" 447
"../../../Engine/Plugins/2D/Paper2D/Content/MaskedUnlitSpriteMaterial.uasset" 448
"../../../Engine/Plugins/2D/Paper2D/Content/MaskedUnlitSpriteMaterial.uexp" 449
"../../../Engine/Plugins/2D/Paper2D/Content/DummySprite.uasset" 450
"../../../Engine/Plugins/2D/Paper2D/Content/DummySprite.uexp" 451
"../../../Engine/Plugins/2D/Paper2D/Content/DefaultPaperTerrainMaterial.uasset" 452
"../../../Engine/Plugins/2D/Paper2D/Content/DefaultPaperTerrainMaterial.uexp" 453
"../../../Engine/Plugins/Animation/ControlRig/Content/M_Manip.uasset" 454
"../../../Engine/Plugins/Animation/ControlRig/Content/M_Manip.uexp" 455
"../../../Engine/Plugins/Animation/ControlRig/Content/Controls/DefaultGizmoLibraryNormalized.uasset" 456
"../../../Engine/Plugins/Animation/ControlRig/Content/Controls/DefaultGizmoLibraryNormalized.uexp" 457
"../../../Engine/Plugins/Animation/ControlRig/Content/Controls/ControlRig_Wedge_solid.ubulk" 458
"../../../Engine/Plugins/Animation/ControlRig/Content/Controls/ControlRig_Wedge_solid.uasset" 459
"../../../Engine/Plugins/Animation/ControlRig/Content/Controls/ControlRig_Wedge_solid.uexp" 460
"../../../Engine/Plugins/Animation/ControlRig/Content/Controls/ControlRig_Wedge_3mm.ubulk" 461
"../../../Engine/Plugins/Animation/ControlRig/Content/Controls/ControlRig_Wedge_3mm.uasset" 462
"../../../Engine/Plugins/Animation/ControlRig/Content/Controls/ControlRig_Wedge_3mm.uexp" 463
"../../../Engine/Plugins/Animation/ControlRig/Content/Controls/ControlRig_Wedge_1mm.ubulk" 464
"../../../Engine/Plugins/Animation/ControlRig/Content/Controls/ControlRig_Wedge_1mm.uasset" 465
"../../../Engine/Plugins/Animation/ControlRig/Content/Controls/ControlRig_Wedge_1mm.uexp" 466
"../../../Engine/Plugins/Animation/ControlRig/Content/Controls/ControlRig_Triangle_solid.ubulk" 467
"../../../Engine/Plugins/Animation/ControlRig/Content/Controls/ControlRig_Triangle_solid.uasset" 468
"../../../Engine/Plugins/Animation/ControlRig/Content/Controls/ControlRig_Triangle_solid.uexp" 469
"../../../Engine/Plugins/Animation/ControlRig/Content/Controls/ControlRig_Triangle_3mm.ubulk" 470
"../../../Engine/Plugins/Animation/ControlRig/Content/Controls/ControlRig_Triangle_3mm.uasset" 471
"../../../Engine/Plugins/Animation/ControlRig/Content/Controls/ControlRig_Triangle_3mm.uexp" 472
"../../../Engine/Plugins/Animation/ControlRig/Content/Controls/ControlRig_Triangle_1mm.ubulk" 473
"../../../Engine/Plugins/Animation/ControlRig/Content/Controls/ControlRig_Triangle_1mm.uasset" 474
"../../../Engine/Plugins/Animation/ControlRig/Content/Controls/ControlRig_Triangle_1mm.uexp" 475
"../../../Engine/Plugins/Animation/ControlRig/Content/Controls/ControlRig_Star4_solid.ubulk" 476
"../../../Engine/Plugins/Animation/ControlRig/Content/Controls/ControlRig_Star4_solid.uasset" 477
"../../../Engine/Plugins/Animation/ControlRig/Content/Controls/ControlRig_Star4_solid.uexp" 478
"../../../Engine/Plugins/Animation/ControlRig/Content/Controls/ControlRig_Star4_3mm.ubulk" 479
"../../../Engine/Plugins/Animation/ControlRig/Content/Controls/ControlRig_Star4_3mm.uasset" 480
"../../../Engine/Plugins/Animation/ControlRig/Content/Controls/ControlRig_Star4_3mm.uexp" 481
"../../../Engine/Plugins/Animation/ControlRig/Content/Controls/ControlRig_Star4_1mm.ubulk" 482
"../../../Engine/Plugins/Animation/ControlRig/Content/Controls/ControlRig_Star4_1mm.uasset" 483
"../../../Engine/Plugins/Animation/ControlRig/Content/Controls/ControlRig_Star4_1mm.uexp" 484
"../../../Engine/Plugins/Animation/ControlRig/Content/Controls/ControlRig_Square_solid.ubulk" 485
"../../../Engine/Plugins/Animation/ControlRig/Content/Controls/ControlRig_Square_solid.uasset" 486
"../../../Engine/Plugins/Animation/ControlRig/Content/Controls/ControlRig_Square_solid.uexp" 487
"../../../Engine/Plugins/Animation/ControlRig/Content/Controls/ControlRig_Square_3mm.ubulk" 488
"../../../Engine/Plugins/Animation/ControlRig/Content/Controls/ControlRig_Square_3mm.uasset" 489
"../../../Engine/Plugins/Animation/ControlRig/Content/Controls/ControlRig_Square_3mm.uexp" 490
"../../../Engine/Plugins/Animation/ControlRig/Content/Controls/ControlRig_Square_1mm.ubulk" 491
"../../../Engine/Plugins/Animation/ControlRig/Content/Controls/ControlRig_Square_1mm.uasset" 492
"../../../Engine/Plugins/Animation/ControlRig/Content/Controls/ControlRig_Square_1mm.uexp" 493
"../../../Engine/Plugins/Animation/ControlRig/Content/Controls/ControlRig_Sphere_solid.ubulk" 494
"../../../Engine/Plugins/Animation/ControlRig/Content/Controls/ControlRig_Sphere_solid.uasset" 495
"../../../Engine/Plugins/Animation/ControlRig/Content/Controls/ControlRig_Sphere_solid.uexp" 496
"../../../Engine/Plugins/Animation/ControlRig/Content/Controls/ControlRig_Sphere_3mm.ubulk" 497
"../../../Engine/Plugins/Animation/ControlRig/Content/Controls/ControlRig_Sphere_3mm.uasset" 498
"../../../Engine/Plugins/Animation/ControlRig/Content/Controls/ControlRig_Sphere_3mm.uexp" 499
"../../../Engine/Plugins/Animation/ControlRig/Content/Controls/ControlRig_Sphere_1mm.ubulk" 500
"../../../Engine/Plugins/Animation/ControlRig/Content/Controls/ControlRig_Sphere_1mm.uasset" 501
"../../../Engine/Plugins/Animation/ControlRig/Content/Controls/ControlRig_Sphere_1mm.uexp" 502
"../../../Engine/Plugins/Animation/ControlRig/Content/Controls/ControlRig_RoundedTriangle_solid.ubulk" 503
"../../../Engine/Plugins/Animation/ControlRig/Content/Controls/ControlRig_RoundedTriangle_solid.uasset" 504
"../../../Engine/Plugins/Animation/ControlRig/Content/Controls/ControlRig_RoundedTriangle_solid.uexp" 505
"../../../Engine/Plugins/Animation/ControlRig/Content/Controls/ControlRig_RoundedTriangle_3mm.ubulk" 506
"../../../Engine/Plugins/Animation/ControlRig/Content/Controls/ControlRig_RoundedTriangle_3mm.uasset" 507
"../../../Engine/Plugins/Animation/ControlRig/Content/Controls/ControlRig_RoundedTriangle_3mm.uexp" 508
"../../../Engine/Plugins/Animation/ControlRig/Content/Controls/ControlRig_RoundedTriangle_1mm.ubulk" 509
"../../../Engine/Plugins/Animation/ControlRig/Content/Controls/ControlRig_RoundedTriangle_1mm.uasset" 510
"../../../Engine/Plugins/Animation/ControlRig/Content/Controls/ControlRig_RoundedTriangle_1mm.uexp" 511
"../../../Engine/Plugins/Animation/ControlRig/Content/Controls/ControlRig_RoundedSquare_solid.ubulk" 512
"../../../Engine/Plugins/Animation/ControlRig/Content/Controls/ControlRig_RoundedSquare_solid.uasset" 513
"../../../Engine/Plugins/Animation/ControlRig/Content/Controls/ControlRig_RoundedSquare_solid.uexp" 514
"../../../Engine/Plugins/Animation/ControlRig/Content/Controls/ControlRig_RoundedSquare_3mm.ubulk" 515
"../../../Engine/Plugins/Animation/ControlRig/Content/Controls/ControlRig_RoundedSquare_3mm.uasset" 516
"../../../Engine/Plugins/Animation/ControlRig/Content/Controls/ControlRig_RoundedSquare_3mm.uexp" 517
"../../../Engine/Plugins/Animation/ControlRig/Content/Controls/ControlRig_RoundedSquare_1mm.ubulk" 518
"../../../Engine/Plugins/Animation/ControlRig/Content/Controls/ControlRig_RoundedSquare_1mm.uasset" 519
"../../../Engine/Plugins/Animation/ControlRig/Content/Controls/ControlRig_RoundedSquare_1mm.uexp" 520
"../../../Engine/Plugins/Animation/ControlRig/Content/Controls/ControlRig_QuarterCircle_solid.ubulk" 521
"../../../Engine/Plugins/Animation/ControlRig/Content/Controls/ControlRig_QuarterCircle_solid.uasset" 522
"../../../Engine/Plugins/Animation/ControlRig/Content/Controls/ControlRig_QuarterCircle_solid.uexp" 523
"../../../Engine/Plugins/Animation/ControlRig/Content/Controls/ControlRig_QuarterCircle_3mm.ubulk" 524
"../../../Engine/Plugins/Animation/ControlRig/Content/Controls/ControlRig_QuarterCircle_3mm.uasset" 525
"../../../Engine/Plugins/Animation/ControlRig/Content/Controls/ControlRig_QuarterCircle_3mm.uexp" 526
"../../../Engine/Plugins/Animation/ControlRig/Content/Controls/ControlRig_QuarterCircle_1mm.ubulk" 527
"../../../Engine/Plugins/Animation/ControlRig/Content/Controls/ControlRig_QuarterCircle_1mm.uasset" 528
"../../../Engine/Plugins/Animation/ControlRig/Content/Controls/ControlRig_QuarterCircle_1mm.uexp" 529
"../../../Engine/Plugins/Animation/ControlRig/Content/Controls/ControlRig_Pyramid_solid.ubulk" 530
"../../../Engine/Plugins/Animation/ControlRig/Content/Controls/ControlRig_Pyramid_solid.uasset" 531
"../../../Engine/Plugins/Animation/ControlRig/Content/Controls/ControlRig_Pyramid_solid.uexp" 532
"../../../Engine/Plugins/Animation/ControlRig/Content/Controls/ControlRig_Pyramid_3mm.ubulk" 533
"../../../Engine/Plugins/Animation/ControlRig/Content/Controls/ControlRig_Pyramid_3mm.uasset" 534
"../../../Engine/Plugins/Animation/ControlRig/Content/Controls/ControlRig_Pyramid_3mm.uexp" 535
"../../../Engine/Plugins/Animation/ControlRig/Content/Controls/ControlRig_Pyramid_1mm.ubulk" 536
"../../../Engine/Plugins/Animation/ControlRig/Content/Controls/ControlRig_Pyramid_1mm.uasset" 537
"../../../Engine/Plugins/Animation/ControlRig/Content/Controls/ControlRig_Pyramid_1mm.uexp" 538
"../../../Engine/Plugins/Animation/ControlRig/Content/Controls/ControlRig_Octagon_solid.ubulk" 539
"../../../Engine/Plugins/Animation/ControlRig/Content/Controls/ControlRig_Octagon_solid.uasset" 540
"../../../Engine/Plugins/Animation/ControlRig/Content/Controls/ControlRig_Octagon_solid.uexp" 541
"../../../Engine/Plugins/Animation/ControlRig/Content/Controls/ControlRig_Octagon_3mm.ubulk" 542
"../../../Engine/Plugins/Animation/ControlRig/Content/Controls/ControlRig_Octagon_3mm.uasset" 543
"../../../Engine/Plugins/Animation/ControlRig/Content/Controls/ControlRig_Octagon_3mm.uexp" 544
"../../../Engine/Plugins/Animation/ControlRig/Content/Controls/ControlRig_Octagon_1mm.ubulk" 545
"../../../Engine/Plugins/Animation/ControlRig/Content/Controls/ControlRig_Octagon_1mm.uasset" 546
"../../../Engine/Plugins/Animation/ControlRig/Content/Controls/ControlRig_Octagon_1mm.uexp" 547
"../../../Engine/Plugins/Animation/ControlRig/Content/Controls/ControlRig_Hexagon_solid.ubulk" 548
"../../../Engine/Plugins/Animation/ControlRig/Content/Controls/ControlRig_Hexagon_solid.uasset" 549
"../../../Engine/Plugins/Animation/ControlRig/Content/Controls/ControlRig_Hexagon_solid.uexp" 550
"../../../Engine/Plugins/Animation/ControlRig/Content/Controls/ControlRig_Hexagon_3mm.ubulk" 551
"../../../Engine/Plugins/Animation/ControlRig/Content/Controls/ControlRig_Hexagon_3mm.uasset" 552
"../../../Engine/Plugins/Animation/ControlRig/Content/Controls/ControlRig_Hexagon_3mm.uexp" 553
"../../../Engine/Plugins/Animation/ControlRig/Content/Controls/ControlRig_Hexagon_1mm.ubulk" 554
"../../../Engine/Plugins/Animation/ControlRig/Content/Controls/ControlRig_Hexagon_1mm.uasset" 555
"../../../Engine/Plugins/Animation/ControlRig/Content/Controls/ControlRig_Hexagon_1mm.uexp" 556
"../../../Engine/Plugins/Animation/ControlRig/Content/Controls/ControlRig_HalfCircle_solid.ubulk" 557
"../../../Engine/Plugins/Animation/ControlRig/Content/Controls/ControlRig_HalfCircle_solid.uasset" 558
"../../../Engine/Plugins/Animation/ControlRig/Content/Controls/ControlRig_HalfCircle_solid.uexp" 559
"../../../Engine/Plugins/Animation/ControlRig/Content/Controls/ControlRig_HalfCircle_3mm.ubulk" 560
"../../../Engine/Plugins/Animation/ControlRig/Content/Controls/ControlRig_HalfCircle_3mm.uasset" 561
"../../../Engine/Plugins/Animation/ControlRig/Content/Controls/ControlRig_HalfCircle_3mm.uexp" 562
"../../../Engine/Plugins/Animation/ControlRig/Content/Controls/ControlRig_HalfCircle_1mm.ubulk" 563
"../../../Engine/Plugins/Animation/ControlRig/Content/Controls/ControlRig_HalfCircle_1mm.uasset" 564
"../../../Engine/Plugins/Animation/ControlRig/Content/Controls/ControlRig_HalfCircle_1mm.uexp" 565
"../../../Engine/Plugins/Animation/ControlRig/Content/Controls/ControlRig_Diamond_solid.ubulk" 566
"../../../Engine/Plugins/Animation/ControlRig/Content/Controls/ControlRig_Diamond_solid.uasset" 567
"../../../Engine/Plugins/Animation/ControlRig/Content/Controls/ControlRig_Diamond_solid.uexp" 568
"../../../Engine/Plugins/Animation/ControlRig/Content/Controls/ControlRig_Diamond_3mm.ubulk" 569
"../../../Engine/Plugins/Animation/ControlRig/Content/Controls/ControlRig_Diamond_3mm.uasset" 570
"../../../Engine/Plugins/Animation/ControlRig/Content/Controls/ControlRig_Diamond_3mm.uexp" 571
"../../../Engine/Plugins/Animation/ControlRig/Content/Controls/ControlRig_Diamond_1mm.ubulk" 572
"../../../Engine/Plugins/Animation/ControlRig/Content/Controls/ControlRig_Diamond_1mm.uasset" 573
"../../../Engine/Plugins/Animation/ControlRig/Content/Controls/ControlRig_Diamond_1mm.uexp" 574
"../../../Engine/Plugins/Animation/ControlRig/Content/Controls/ControlRig_Circle_solid.ubulk" 575
"../../../Engine/Plugins/Animation/ControlRig/Content/Controls/ControlRig_Circle_solid.uasset" 576
"../../../Engine/Plugins/Animation/ControlRig/Content/Controls/ControlRig_Circle_solid.uexp" 577
"../../../Engine/Plugins/Animation/ControlRig/Content/Controls/ControlRig_Circle_3mm.ubulk" 578
"../../../Engine/Plugins/Animation/ControlRig/Content/Controls/ControlRig_Circle_3mm.uasset" 579
"../../../Engine/Plugins/Animation/ControlRig/Content/Controls/ControlRig_Circle_3mm.uexp" 580
"../../../Engine/Plugins/Animation/ControlRig/Content/Controls/ControlRig_Circle_1mm.ubulk" 581
"../../../Engine/Plugins/Animation/ControlRig/Content/Controls/ControlRig_Circle_1mm.uasset" 582
"../../../Engine/Plugins/Animation/ControlRig/Content/Controls/ControlRig_Circle_1mm.uexp" 583
"../../../Engine/Plugins/Animation/ControlRig/Content/Controls/ControlRig_Box_solid.ubulk" 584
"../../../Engine/Plugins/Animation/ControlRig/Content/Controls/ControlRig_Box_solid.uasset" 585
"../../../Engine/Plugins/Animation/ControlRig/Content/Controls/ControlRig_Box_solid.uexp" 586
"../../../Engine/Plugins/Animation/ControlRig/Content/Controls/ControlRig_Box_3mm.ubulk" 587
"../../../Engine/Plugins/Animation/ControlRig/Content/Controls/ControlRig_Box_3mm.uasset" 588
"../../../Engine/Plugins/Animation/ControlRig/Content/Controls/ControlRig_Box_3mm.uexp" 589
"../../../Engine/Plugins/Animation/ControlRig/Content/Controls/ControlRig_Box_1mm.ubulk" 590
"../../../Engine/Plugins/Animation/ControlRig/Content/Controls/ControlRig_Box_1mm.uasset" 591
"../../../Engine/Plugins/Animation/ControlRig/Content/Controls/ControlRig_Box_1mm.uexp" 592
"../../../Engine/Plugins/Animation/ControlRig/Content/Controls/ControlRig_Arrow_solid.ubulk" 593
"../../../Engine/Plugins/Animation/ControlRig/Content/Controls/ControlRig_Arrow_solid.uasset" 594
"../../../Engine/Plugins/Animation/ControlRig/Content/Controls/ControlRig_Arrow_solid.uexp" 595
"../../../Engine/Plugins/Animation/ControlRig/Content/Controls/ControlRig_Arrow_3mm.ubulk" 596
"../../../Engine/Plugins/Animation/ControlRig/Content/Controls/ControlRig_Arrow_3mm.uasset" 597
"../../../Engine/Plugins/Animation/ControlRig/Content/Controls/ControlRig_Arrow_3mm.uexp" 598
"../../../Engine/Plugins/Animation/ControlRig/Content/Controls/ControlRig_Arrow_1mm.ubulk" 599
"../../../Engine/Plugins/Animation/ControlRig/Content/Controls/ControlRig_Arrow_1mm.uasset" 600
"../../../Engine/Plugins/Animation/ControlRig/Content/Controls/ControlRig_Arrow_1mm.uexp" 601
"../../../Engine/Plugins/Animation/ControlRig/Content/Controls/ControlRig_Arrow4_solid.ubulk" 602
"../../../Engine/Plugins/Animation/ControlRig/Content/Controls/ControlRig_Arrow4_solid.uasset" 603
"../../../Engine/Plugins/Animation/ControlRig/Content/Controls/ControlRig_Arrow4_solid.uexp" 604
"../../../Engine/Plugins/Animation/ControlRig/Content/Controls/ControlRig_Arrow4_3mm.ubulk" 605
"../../../Engine/Plugins/Animation/ControlRig/Content/Controls/ControlRig_Arrow4_3mm.uasset" 606
"../../../Engine/Plugins/Animation/ControlRig/Content/Controls/ControlRig_Arrow4_3mm.uexp" 607
"../../../Engine/Plugins/Animation/ControlRig/Content/Controls/ControlRig_Arrow4_1mm.ubulk" 608
"../../../Engine/Plugins/Animation/ControlRig/Content/Controls/ControlRig_Arrow4_1mm.uasset" 609
"../../../Engine/Plugins/Animation/ControlRig/Content/Controls/ControlRig_Arrow4_1mm.uexp" 610
"../../../Engine/Plugins/Animation/ControlRig/Content/Controls/ControlRig_Arrow2_solid.ubulk" 611
"../../../Engine/Plugins/Animation/ControlRig/Content/Controls/ControlRig_Arrow2_solid.uasset" 612
"../../../Engine/Plugins/Animation/ControlRig/Content/Controls/ControlRig_Arrow2_solid.uexp" 613
"../../../Engine/Plugins/Animation/ControlRig/Content/Controls/ControlRig_Arrow2_3mm.ubulk" 614
"../../../Engine/Plugins/Animation/ControlRig/Content/Controls/ControlRig_Arrow2_3mm.uasset" 615
"../../../Engine/Plugins/Animation/ControlRig/Content/Controls/ControlRig_Arrow2_3mm.uexp" 616
"../../../Engine/Plugins/Animation/ControlRig/Content/Controls/ControlRig_Arrow2_1mm.ubulk" 617
"../../../Engine/Plugins/Animation/ControlRig/Content/Controls/ControlRig_Arrow2_1mm.uasset" 618
"../../../Engine/Plugins/Animation/ControlRig/Content/Controls/ControlRig_Arrow2_1mm.uexp" 619
"../../../Engine/Plugins/Animation/ControlRig/Content/Controls/ControlRigGizmoMaterial.uasset" 620
"../../../Engine/Plugins/Animation/ControlRig/Content/Controls/ControlRigGizmoMaterial.uexp" 621
"../../../Engine/Plugins/Editor/SpeedTreeImporter/Content/SpeedTree9/game_wind_noise.ubulk" 622
"../../../Engine/Plugins/Editor/SpeedTreeImporter/Content/SpeedTree9/game_wind_noise.uasset" 623
"../../../Engine/Plugins/Editor/SpeedTreeImporter/Content/SpeedTree9/game_wind_noise.uexp" 624
"../../../Engine/Plugins/Editor/SpeedTreeImporter/Content/SpeedTree9/UnpackDirection.uasset" 625
"../../../Engine/Plugins/Editor/SpeedTreeImporter/Content/SpeedTree9/UnpackDirection.uexp" 626
"../../../Engine/Content/Functions/Engine_MaterialFunctions02/ObjectLocalBounds.uasset" 627
"../../../Engine/Content/Functions/Engine_MaterialFunctions02/ObjectLocalBounds.uexp" 628
"../../../Engine/Content/Functions/Engine_MaterialFunctions02/UVs/BoundingBoxBased_0-1_UVW.uasset" 629
"../../../Engine/Content/Functions/Engine_MaterialFunctions02/UVs/BoundingBoxBased_0-1_UVW.uexp" 630
"../../../Engine/Content/Functions/Engine_MaterialFunctions02/Utility/VectorLength.uasset" 631
"../../../Engine/Content/Functions/Engine_MaterialFunctions02/Utility/VectorLength.uexp" 632
"../../../Engine/Plugins/Editor/SpeedTreeImporter/Content/SpeedTree9/UnpackInteger3.uasset" 633
"../../../Engine/Plugins/Editor/SpeedTreeImporter/Content/SpeedTree9/UnpackInteger3.uexp" 634
"../../../Engine/Plugins/Editor/SpeedTreeImporter/Content/SpeedTree9/SpeedTreeCameraFacing.uasset" 635
"../../../Engine/Plugins/Editor/SpeedTreeImporter/Content/SpeedTree9/SpeedTreeCameraFacing.uexp" 636
"../../../Engine/Content/Functions/Engine_MaterialFunctions02/WorldPositionOffset/ObjectScale.uasset" 637
"../../../Engine/Content/Functions/Engine_MaterialFunctions02/WorldPositionOffset/ObjectScale.uexp" 638
"../../../Engine/Content/Functions/Engine_MaterialFunctions02/SafeNormalize.uasset" 639
"../../../Engine/Content/Functions/Engine_MaterialFunctions02/SafeNormalize.uexp" 640
"../../../Engine/Plugins/Editor/SpeedTreeImporter/Content/SpeedTree9/SpeedTreeWindMotion.uasset" 641
"../../../Engine/Plugins/Editor/SpeedTreeImporter/Content/SpeedTree9/SpeedTreeWindMotion.uexp" 642
"../../../Engine/Plugins/Editor/SpeedTreeImporter/Content/SpeedTree9/SpeedTreeBranchMotion.uasset" 643
"../../../Engine/Plugins/Editor/SpeedTreeImporter/Content/SpeedTree9/SpeedTreeBranchMotion.uexp" 644
"../../../Engine/Plugins/Editor/SpeedTreeImporter/Content/SpeedTree9/SpeedTreeWind.uasset" 645
"../../../Engine/Plugins/Editor/SpeedTreeImporter/Content/SpeedTree9/SpeedTreeWind.uexp" 646
"../../../Engine/Plugins/Editor/SpeedTreeImporter/Content/SpeedTree9/EmptyNormal.uasset" 647
"../../../Engine/Plugins/Editor/SpeedTreeImporter/Content/SpeedTree9/EmptyNormal.uexp" 648
"../../../Engine/Plugins/Editor/SpeedTreeImporter/Content/SpeedTree9/Empty.uasset" 649
"../../../Engine/Plugins/Editor/SpeedTreeImporter/Content/SpeedTree9/Empty.uexp" 650
"../../../Engine/Plugins/Editor/SpeedTreeImporter/Content/SpeedTree9/SpeedTreeMaster.uasset" 651
"../../../Engine/Plugins/Editor/SpeedTreeImporter/Content/SpeedTree9/SpeedTreeMaster.uexp" 652
"../../../Engine/Plugins/Editor/SpeedTreeImporter/Content/SpeedTree9/SpeedTreeBillboard.uasset" 653
"../../../Engine/Plugins/Editor/SpeedTreeImporter/Content/SpeedTree9/SpeedTreeBillboard.uexp" 654
"../../../Engine/Plugins/Editor/SpeedTreeImporter/Content/SpeedTree9/SpeedTreeBillboardMaster.uasset" 655
"../../../Engine/Plugins/Editor/SpeedTreeImporter/Content/SpeedTree9/SpeedTreeBillboardMaster.uexp" 656
"../../../Engine/Plugins/Runtime/HairStrands/Content/Materials/HairMeshesDefaultMaterial.uasset" 657
"../../../Engine/Plugins/Runtime/HairStrands/Content/Materials/HairMeshesDefaultMaterial.uexp" 658
"../../../Engine/Plugins/Runtime/HairStrands/Content/Materials/HairDefaultMaterial.uasset" 659
"../../../Engine/Plugins/Runtime/HairStrands/Content/Materials/HairDefaultMaterial.uexp" 660
"../../../Engine/Plugins/Runtime/HairStrands/Content/Materials/HairGroupColors.uasset" 661
"../../../Engine/Plugins/Runtime/HairStrands/Content/Materials/HairGroupColors.uexp" 662
"../../../Engine/Content/EngineMaterials/HairColorMap.uasset" 663
"../../../Engine/Content/EngineMaterials/HairColorMap.uexp" 664
"../../../Engine/Content/EngineMaterials/HairDebugColor.uasset" 665
"../../../Engine/Content/EngineMaterials/HairDebugColor.uexp" 666
"../../../Engine/Plugins/Runtime/HairStrands/Content/Materials/HairDebugMaterial.uasset" 667
"../../../Engine/Plugins/Runtime/HairStrands/Content/Materials/HairDebugMaterial.uexp" 668
"../../../Engine/Plugins/Runtime/HairStrands/Content/Materials/HairCardsDefaultMaterial.uasset" 669
"../../../Engine/Plugins/Runtime/HairStrands/Content/Materials/HairCardsDefaultMaterial.uexp" 670
"../../../Engine/Plugins/Runtime/WebBrowserWidget/Content/WebTexture_T.uasset" 671
"../../../Engine/Plugins/Runtime/WebBrowserWidget/Content/WebTexture_T.uexp" 672
"../../../Engine/Plugins/Runtime/WebBrowserWidget/Content/WebTexture_TM.uasset" 673
"../../../Engine/Plugins/Runtime/WebBrowserWidget/Content/WebTexture_TM.uexp" 674
"../../../Engine/Plugins/Runtime/WebBrowserWidget/Content/WebTexture_M.uasset" 675
"../../../Engine/Plugins/Runtime/WebBrowserWidget/Content/WebTexture_M.uexp" 676
"C:/Users/aades/Downloads/rpmOld/RPM0003/Content/Lobby.uexp" 677
"C:/Users/aades/Downloads/rpmOld/RPM0003/Content/Lobby.umap" 678
"../../../Engine/Content/EngineMaterials/BlendFunc_DefBlend.uasset" 679
"../../../Engine/Content/EngineMaterials/BlendFunc_DefBlend.uexp" 680
"../../../Engine/Content/EngineMaterials/BlendFunc_DefBase.uasset" 681
"../../../Engine/Content/EngineMaterials/BlendFunc_DefBase.uexp" 682
"../../../Engine/Content/Functions/Engine_MaterialFunctions03/Blends/Blend_Overlay.uasset" 683
"../../../Engine/Content/Functions/Engine_MaterialFunctions03/Blends/Blend_Overlay.uexp" 684
"../../../Engine/Content/OpenWorldTemplate/LandscapeMaterial/T_GridChecker_A.ubulk" 685
"../../../Engine/Content/OpenWorldTemplate/LandscapeMaterial/T_GridChecker_A.uasset" 686
"../../../Engine/Content/OpenWorldTemplate/LandscapeMaterial/T_GridChecker_A.uexp" 687
"../../../Engine/Content/Functions/Engine_MaterialFunctions01/Gradient/LinearGradient.uasset" 688
"../../../Engine/Content/Functions/Engine_MaterialFunctions01/Gradient/LinearGradient.uexp" 689
"../../../Engine/Content/Functions/Engine_MaterialFunctions01/ImageAdjustment/CheapContrast.uasset" 690
"../../../Engine/Content/Functions/Engine_MaterialFunctions01/ImageAdjustment/CheapContrast.uexp" 691
"../../../Engine/Content/OpenWorldTemplate/LandscapeMaterial/MF_ProcGrid.uasset" 692
"../../../Engine/Content/OpenWorldTemplate/LandscapeMaterial/MF_ProcGrid.uexp" 693
"../../../Engine/Content/OpenWorldTemplate/LandscapeMaterial/M_ProcGrid.uasset" 694
"../../../Engine/Content/OpenWorldTemplate/LandscapeMaterial/M_ProcGrid.uexp" 695
"../../../Engine/Content/OpenWorldTemplate/LandscapeMaterial/MI_ProcGrid.uasset" 696
"../../../Engine/Content/OpenWorldTemplate/LandscapeMaterial/MI_ProcGrid.uexp" 697
"../../../Engine/Content/EngineSky/T_Sky_Stars.ubulk" 698
"../../../Engine/Content/EngineSky/T_Sky_Stars.uasset" 699
"../../../Engine/Content/EngineSky/T_Sky_Stars.uexp" 700
"../../../Engine/Content/EngineSky/T_Sky_Clouds_M.ubulk" 701
"../../../Engine/Content/EngineSky/T_Sky_Clouds_M.uasset" 702
"../../../Engine/Content/EngineSky/T_Sky_Clouds_M.uexp" 703
"../../../Engine/Content/EngineSky/T_Sky_Blue.ubulk" 704
"../../../Engine/Content/EngineSky/T_Sky_Blue.uasset" 705
"../../../Engine/Content/EngineSky/T_Sky_Blue.uexp" 706
"../../../Engine/Content/EngineSky/M_Sky_Panning_Clouds2.uasset" 707
"../../../Engine/Content/EngineSky/M_Sky_Panning_Clouds2.uexp" 708
"../../../Engine/Content/EngineSky/SM_SkySphere.ubulk" 709
"../../../Engine/Content/EngineSky/SM_SkySphere.uasset" 710
"../../../Engine/Content/EngineSky/SM_SkySphere.uexp" 711
"../../../Engine/Content/MapTemplates/SM_Template_Map_Floor.ubulk" 712
"../../../Engine/Content/MapTemplates/SM_Template_Map_Floor.uasset" 713
"../../../Engine/Content/MapTemplates/SM_Template_Map_Floor.uexp" 714
"C:/Users/aades/Downloads/rpmOld/RPM0003/Content/Maps/RPM_Level_BuiltData.ubulk" 715
"C:/Users/aades/Downloads/rpmOld/RPM0003/Content/Maps/RPM_Level_BuiltData.uasset" 716
"C:/Users/aades/Downloads/rpmOld/RPM0003/Content/Maps/RPM_Level_BuiltData.uexp" 717
"C:/Users/aades/Downloads/rpmOld/RPM0003/Content/Widgets/RPM_BrowserWidget.uasset" 718
"C:/Users/aades/Downloads/rpmOld/RPM0003/Content/Widgets/RPM_BrowserWidget.uexp" 719
"../../../Engine/Content/EditorBlueprintResources/StandardMacros.uasset" 720
"../../../Engine/Content/EditorBlueprintResources/StandardMacros.uexp" 721
"C:/Users/aades/Downloads/rpmOld/RPM0003/Plugins/ReadyPlayerMe/Content/Character/Fullbody/Textures/Wolf3D_Avatar_Normal.ubulk" 722
"C:/Users/aades/Downloads/rpmOld/RPM0003/Plugins/ReadyPlayerMe/Content/Character/Fullbody/Textures/Wolf3D_Avatar_Normal.uasset" 723
"C:/Users/aades/Downloads/rpmOld/RPM0003/Plugins/ReadyPlayerMe/Content/Character/Fullbody/Textures/Wolf3D_Avatar_Normal.uexp" 724
"C:/Users/aades/Downloads/rpmOld/RPM0003/Plugins/ReadyPlayerMe/Content/Character/Fullbody/Textures/Wolf3D_Avatar_Diffuse.ubulk" 725
"C:/Users/aades/Downloads/rpmOld/RPM0003/Plugins/ReadyPlayerMe/Content/Character/Fullbody/Textures/Wolf3D_Avatar_Diffuse.uasset" 726
"C:/Users/aades/Downloads/rpmOld/RPM0003/Plugins/ReadyPlayerMe/Content/Character/Fullbody/Textures/Wolf3D_Avatar_Diffuse.uexp" 727
"C:/Users/aades/Downloads/rpmOld/RPM0003/Plugins/ReadyPlayerMe/Content/Character/Fullbody/Materials/RPM_Avatar.uasset" 728
"C:/Users/aades/Downloads/rpmOld/RPM0003/Plugins/ReadyPlayerMe/Content/Character/Fullbody/Materials/RPM_Avatar.uexp" 729
"C:/Users/aades/Downloads/rpmOld/RPM0003/Plugins/ReadyPlayerMe/Content/Character/Fullbody/Mesh/RPM_Mixamo_PhysicsAsset.uasset" 730
"C:/Users/aades/Downloads/rpmOld/RPM0003/Plugins/ReadyPlayerMe/Content/Character/Fullbody/Mesh/RPM_Mixamo_PhysicsAsset.uexp" 731
"C:/Users/aades/Downloads/rpmOld/RPM0003/Plugins/ReadyPlayerMe/Content/Character/Fullbody/Mesh/RPM_Mixamo_SkeletalMesh.uasset" 732
"C:/Users/aades/Downloads/rpmOld/RPM0003/Plugins/ReadyPlayerMe/Content/Character/Fullbody/Mesh/RPM_Mixamo_SkeletalMesh.uexp" 733
"../../../Engine/Content/Animation/DefaultAnimCurveCompressionSettings.uasset" 734
"../../../Engine/Content/Animation/DefaultAnimCurveCompressionSettings.uexp" 735
"C:/Users/aades/Downloads/rpmOld/RPM0003/Content/Animations/Idle.uasset" 736
"C:/Users/aades/Downloads/rpmOld/RPM0003/Content/Animations/Idle.uexp" 737
"C:/Users/aades/Downloads/rpmOld/RPM0003/Content/Animations/Walking.uasset" 738
"C:/Users/aades/Downloads/rpmOld/RPM0003/Content/Animations/Walking.uexp" 739
"C:/Users/aades/Downloads/rpmOld/RPM0003/Content/Animations/Running.uasset" 740
"C:/Users/aades/Downloads/rpmOld/RPM0003/Content/Animations/Running.uexp" 741
"C:/Users/aades/Downloads/rpmOld/RPM0003/Content/Animations/AnimBP/RPM_1d_Blendspace.uasset" 742
"C:/Users/aades/Downloads/rpmOld/RPM0003/Content/Animations/AnimBP/RPM_1d_Blendspace.uexp" 743
"C:/Users/aades/Downloads/rpmOld/RPM0003/Content/Animations/AnimBP/RPM_AnimBP.uasset" 744
"C:/Users/aades/Downloads/rpmOld/RPM0003/Content/Animations/AnimBP/RPM_AnimBP.uexp" 745
"../../../Engine/Content/EditorBlueprintResources/ActorMacros.uasset" 746
"../../../Engine/Content/EditorBlueprintResources/ActorMacros.uexp" 747
"C:/Users/aades/Downloads/rpmOld/RPM0003/Content/Animations/Jazz_Dancing.uasset" 748
"C:/Users/aades/Downloads/rpmOld/RPM0003/Content/Animations/Jazz_Dancing.uexp" 749
"C:/Users/aades/Downloads/rpmOld/RPM0003/Content/Blueprints/BP_RPM_Character.uasset" 750
"C:/Users/aades/Downloads/rpmOld/RPM0003/Content/Blueprints/BP_RPM_Character.uexp" 751
"C:/Users/aades/Downloads/rpmOld/RPM0003/Content/Blueprints/RPM_PlayerController.uasset" 752
"C:/Users/aades/Downloads/rpmOld/RPM0003/Content/Blueprints/RPM_PlayerController.uexp" 753
"C:/Users/aades/Downloads/rpmOld/RPM0003/Content/Blueprints/MyRPM0003GameModeBase.uasset" 754
"C:/Users/aades/Downloads/rpmOld/RPM0003/Content/Blueprints/MyRPM0003GameModeBase.uexp" 755
"../../../Engine/Content/EngineSky/M_SimpleSkyDome.uasset" 756
"../../../Engine/Content/EngineSky/M_SimpleSkyDome.uexp" 757
"C:/Users/aades/Downloads/rpmOld/RPM0003/Content/Maps/RPM_Level.uexp" 758
"C:/Users/aades/Downloads/rpmOld/RPM0003/Content/Maps/RPM_Level.umap" 759
